1646998344189	mozrunner::runner	INFO	Running command: "/usr/bin/firefox" "-marionette" "-foreground" "-no-remote" "-profile" "/tmp/rust_mozprofiles9KmTd"
Unable to init server: Broadway display type not supported: unix
Error: cannot open display: unix
1646998459527	mozrunner::runner	INFO	Running command: "/usr/bin/firefox" "-marionette" "-headless" "-foreground" "-no-remote" "-profile" "/tmp/rust_mozprofilemi3iZI"
*** You are running in headless mode.
[GFX1-]: glxtest: libpci missing
[GFX1-]: glxtest: Unable to open a connection to the X server
[GFX1-]: glxtest: libEGL initialize failed
[GFX1-]: No GPUs detected via PCI
1646998460619	Marionette	INFO	Marionette enabled
[GFX1-]: RenderCompositorSWGL failed mapping default framebuffer, no dt
console.warn: SearchSettings: "get: No settings file exists, new profile?" (new NotFoundError("Could not open the file at /tmp/rust_mozprofilemi3iZI/search.json.mozlz4", (void 0)))
1646998463897	Marionette	INFO	Listening on port 44679
1646998464006	RemoteAgent	WARN	TLS certificate errors will be ignored for this session
JavaScript warning: https://www.ikea.com/qieD0LSG0Oe5A16gJ9L95QjY/OikaQkLN/MigqcywGTg/HmRi/KS5AdSw, line 1: WebGL warning: <Create>: WebglAllowWindowsNativeGl:false restricts context creation on this system.
JavaScript warning: https://www.ikea.com/qieD0LSG0Oe5A16gJ9L95QjY/OikaQkLN/MigqcywGTg/HmRi/KS5AdSw, line 1: Failed to create WebGL context: WebGL creation failed: 
* WebglAllowWindowsNativeGl:false restricts context creation on this system. ()
* Exhausted GL driver options. (FEATURE_FAILURE_WEBGL_EXHAUSTED_DRIVERS)
JavaScript error: blob:https://www.ikea.com/c302d6ac-07ee-4714-a632-31b18e9c47b7, line 1: TypeError: a.data.map is not a function
JavaScript error: blob:https://www.ikea.com/0e867c58-38ef-4f73-9810-4d27003e0098, line 1: TypeError: a.data.map is not a function
JavaScript error: resource://activity-stream/lib/PersonalityProvider/PersonalityProvider.jsm, line 68: TypeError: http://%(server)s/dummy/blocklist// is not a valid URL.
console.error: "Failed to fetch undefinedmain-workspace/personality-provider-models/170a56ca-c1bf-4181-9b30-693002f7e245.json: "
console.error: "Failed to fetch undefinedmain-workspace/personality-provider-models/06e44aaa-324b-47ac-b458-72e1bccdf86b.json: "
console.error: "Failed to fetch undefinedmain-workspace/personality-provider-models/30c71fa2-8842-419c-89db-addd30268f5b.json: "
console.error: "Failed to fetch undefinedmain-workspace/personality-provider-models/fa731eb2-b049-44bc-a12d-f42f7cea991d.json: "
console.error: "Failed to fetch undefinedmain-workspace/personality-provider-models/2a0dbd55-2eae-44ea-b787-5379594979ff.json: "
console.error: "Failed to fetch undefinedmain-workspace/personality-provider-models/bd6fe48d-f356-4af1-bb7e-4de42b1e6272.json: "
console.error: "Failed to fetch undefinedmain-workspace/personality-provider-models/c2485f5d-8bb1-4a45-a752-efffe9cd55c3.json: "
console.error: "Failed to fetch undefinedmain-workspace/personality-provider-models/281d6a98-5f8e-4bc4-8bae-72e7e16933ca.json: "
console.error: "Failed to fetch undefinedmain-workspace/personality-provider-models/e8645388-afc5-48e3-8f3f-80f82a5353dc.json: "
console.error: "Failed to fetch undefinedmain-workspace/personality-provider-models/47d2bcee-b6c1-464e-a443-e3527d029b0f.json: "
console.error: "Failed to fetch undefinedmain-workspace/personality-provider-models/18f03fe5-a60f-48c5-8cb8-13da750ca395.json: "
console.error: "Failed to fetch undefinedmain-workspace/personality-provider-models/cdd3cdfb-1988-482a-850f-ec02aff07f45.json: "
console.error: "Failed to fetch undefinedmain-workspace/personality-provider-models/a3944b1a-5464-406f-a97e-691702019575.json: "
console.error: "Failed to fetch undefinedmain-workspace/personality-provider-models/61c97d21-6576-4624-aa8b-37839293aebd.json: "
console.error: "Failed to fetch undefinedmain-workspace/personality-provider-models/1db0b78b-42f2-44fd-b78c-43f5fc760fa1.json: "
console.error: "Failed to fetch undefinedmain-workspace/personality-provider-models/393f4033-c815-48d4-bf23-1eb42b4d30db.json: "
console.error: "Failed to fetch undefinedmain-workspace/personality-provider-models/76666027-45db-4baa-8197-6e0f886966a8.json: "
console.error: "Failed to fetch undefinedmain-workspace/personality-provider-models/24538f21-45ca-4dab-addb-65f655a688e2.json: "
console.error: "Failed to fetch undefinedmain-workspace/personality-provider-models/ad749af2-93d7-4bf3-982f-a558175fd806.json: "
console.error: "Failed to fetch undefinedmain-workspace/personality-provider-models/f477331d-33dc-4dfe-be46-88d5223fb439.json: "
console.error: "Failed to fetch undefinedmain-workspace/personality-provider-models/8267a2cc-0984-4410-87db-c02530703a98.json: "
console.error: "Failed to fetch undefinedmain-workspace/personality-provider-models/3fcbb458-7362-47bb-a426-6b542eb2f014.json: "
console.error: "Failed to fetch undefinedmain-workspace/personality-provider-models/5d011771-de98-48f3-8565-7fc1ef6439c3.json: "
console.error: "Failed to fetch undefinedmain-workspace/personality-provider-models/145b9461-d6cc-4341-8d96-ec3bacace059.json: "
console.error: "Failed to fetch undefinedmain-workspace/personality-provider-models/0685a1b5-34eb-4c13-8c90-bc82735e527f.json: "
console.error: "Failed to fetch undefinedmain-workspace/personality-provider-models/170a56ca-c1bf-4181-9b30-693002f7e245.json: "
console.error: "Failed to fetch undefinedmain-workspace/personality-provider-models/06e44aaa-324b-47ac-b458-72e1bccdf86b.json: "
console.error: "Failed to fetch undefinedmain-workspace/personality-provider-models/30c71fa2-8842-419c-89db-addd30268f5b.json: "
console.error: "Failed to fetch undefinedmain-workspace/personality-provider-models/fa731eb2-b049-44bc-a12d-f42f7cea991d.json: "
console.error: "Failed to fetch undefinedmain-workspace/personality-provider-models/2a0dbd55-2eae-44ea-b787-5379594979ff.json: "
console.error: "Failed to fetch undefinedmain-workspace/personality-provider-models/bd6fe48d-f356-4af1-bb7e-4de42b1e6272.json: "
console.error: "Failed to fetch undefinedmain-workspace/personality-provider-models/c2485f5d-8bb1-4a45-a752-efffe9cd55c3.json: "
console.error: "Failed to fetch undefinedmain-workspace/personality-provider-models/281d6a98-5f8e-4bc4-8bae-72e7e16933ca.json: "
console.error: "Failed to fetch undefinedmain-workspace/personality-provider-models/e8645388-afc5-48e3-8f3f-80f82a5353dc.json: "
console.error: "Failed to fetch undefinedmain-workspace/personality-provider-models/47d2bcee-b6c1-464e-a443-e3527d029b0f.json: "
console.error: "Failed to fetch undefinedmain-workspace/personality-provider-models/18f03fe5-a60f-48c5-8cb8-13da750ca395.json: "
console.error: "Failed to fetch undefinedmain-workspace/personality-provider-models/cdd3cdfb-1988-482a-850f-ec02aff07f45.json: "
console.error: "Failed to fetch undefinedmain-workspace/personality-provider-models/a3944b1a-5464-406f-a97e-691702019575.json: "
console.error: "Failed to fetch undefinedmain-workspace/personality-provider-models/61c97d21-6576-4624-aa8b-37839293aebd.json: "
console.error: "Failed to fetch undefinedmain-workspace/personality-provider-models/1db0b78b-42f2-44fd-b78c-43f5fc760fa1.json: "
console.error: "Failed to fetch undefinedmain-workspace/personality-provider-models/393f4033-c815-48d4-bf23-1eb42b4d30db.json: "
console.error: "Failed to fetch undefinedmain-workspace/personality-provider-models/76666027-45db-4baa-8197-6e0f886966a8.json: "
console.error: "Failed to fetch undefinedmain-workspace/personality-provider-models/24538f21-45ca-4dab-addb-65f655a688e2.json: "
console.error: "Failed to fetch undefinedmain-workspace/personality-provider-models/ad749af2-93d7-4bf3-982f-a558175fd806.json: "
console.error: "Failed to fetch undefinedmain-workspace/personality-provider-models/f477331d-33dc-4dfe-be46-88d5223fb439.json: "
console.error: "Failed to fetch undefinedmain-workspace/personality-provider-models/8267a2cc-0984-4410-87db-c02530703a98.json: "
console.error: "Failed to fetch undefinedmain-workspace/personality-provider-models/3fcbb458-7362-47bb-a426-6b542eb2f014.json: "
console.error: "Failed to fetch undefinedmain-workspace/personality-provider-models/5d011771-de98-48f3-8565-7fc1ef6439c3.json: "
console.error: "Failed to fetch undefinedmain-workspace/personality-provider-models/145b9461-d6cc-4341-8d96-ec3bacace059.json: "
console.error: "Failed to fetch undefinedmain-workspace/personality-provider-models/0685a1b5-34eb-4c13-8c90-bc82735e527f.json: "
console.error: "Failed to fetch undefinedmain-workspace/personality-provider-models/170a56ca-c1bf-4181-9b30-693002f7e245.json: "
console.error: "Failed to fetch undefinedmain-workspace/personality-provider-models/06e44aaa-324b-47ac-b458-72e1bccdf86b.json: "
console.error: "Failed to fetch undefinedmain-workspace/personality-provider-models/30c71fa2-8842-419c-89db-addd30268f5b.json: "
console.error: "Failed to fetch undefinedmain-workspace/personality-provider-models/fa731eb2-b049-44bc-a12d-f42f7cea991d.json: "
console.error: "Failed to fetch undefinedmain-workspace/personality-provider-models/2a0dbd55-2eae-44ea-b787-5379594979ff.json: "
console.error: "Failed to fetch undefinedmain-workspace/personality-provider-models/bd6fe48d-f356-4af1-bb7e-4de42b1e6272.json: "
console.error: "Failed to fetch undefinedmain-workspace/personality-provider-models/c2485f5d-8bb1-4a45-a752-efffe9cd55c3.json: "
console.error: "Failed to fetch undefinedmain-workspace/personality-provider-models/281d6a98-5f8e-4bc4-8bae-72e7e16933ca.json: "
console.error: "Failed to fetch undefinedmain-workspace/personality-provider-models/e8645388-afc5-48e3-8f3f-80f82a5353dc.json: "
console.error: "Failed to fetch undefinedmain-workspace/personality-provider-models/47d2bcee-b6c1-464e-a443-e3527d029b0f.json: "
console.error: "Failed to fetch undefinedmain-workspace/personality-provider-models/18f03fe5-a60f-48c5-8cb8-13da750ca395.json: "
console.error: "Failed to fetch undefinedmain-workspace/personality-provider-models/cdd3cdfb-1988-482a-850f-ec02aff07f45.json: "
console.error: "Failed to fetch undefinedmain-workspace/personality-provider-models/a3944b1a-5464-406f-a97e-691702019575.json: "
console.error: "Failed to fetch undefinedmain-workspace/personality-provider-models/61c97d21-6576-4624-aa8b-37839293aebd.json: "
console.error: "Failed to fetch undefinedmain-workspace/personality-provider-models/1db0b78b-42f2-44fd-b78c-43f5fc760fa1.json: "
console.error: "Failed to fetch undefinedmain-workspace/personality-provider-models/393f4033-c815-48d4-bf23-1eb42b4d30db.json: "
console.error: "Failed to fetch undefinedmain-workspace/personality-provider-models/76666027-45db-4baa-8197-6e0f886966a8.json: "
console.error: "Failed to fetch undefinedmain-workspace/personality-provider-models/24538f21-45ca-4dab-addb-65f655a688e2.json: "
console.error: "Failed to fetch undefinedmain-workspace/personality-provider-models/ad749af2-93d7-4bf3-982f-a558175fd806.json: "
console.error: "Failed to fetch undefinedmain-workspace/personality-provider-models/f477331d-33dc-4dfe-be46-88d5223fb439.json: "
console.error: "Failed to fetch undefinedmain-workspace/personality-provider-models/8267a2cc-0984-4410-87db-c02530703a98.json: "
console.error: "Failed to fetch undefinedmain-workspace/personality-provider-models/3fcbb458-7362-47bb-a426-6b542eb2f014.json: "
console.error: "Failed to fetch undefinedmain-workspace/personality-provider-models/5d011771-de98-48f3-8565-7fc1ef6439c3.json: "
console.error: "Failed to fetch undefinedmain-workspace/personality-provider-models/145b9461-d6cc-4341-8d96-ec3bacace059.json: "
console.error: "Failed to fetch undefinedmain-workspace/personality-provider-models/0685a1b5-34eb-4c13-8c90-bc82735e527f.json: "
console.error: "Failed to fetch undefinedmain-workspace/personality-provider-recipe/e4fb5038-c29e-4954-98a0-72a882e4841f.json: "
console.error: "Failed to fetch undefinedmain-workspace/personality-provider-recipe/e4fb5038-c29e-4954-98a0-72a882e4841f.json: "
console.error: "Failed to fetch undefinedmain-workspace/personality-provider-recipe/e4fb5038-c29e-4954-98a0-72a882e4841f.json: "
JavaScript error: resource://activity-stream/lib/PersonalityProvider/PersonalityProvider.jsm, line 68: TypeError: http://%(server)s/dummy/blocklist// is not a valid URL.
1646998851639	mozrunner::runner	INFO	Running command: "/usr/bin/firefox" "-marionette" "-headless" "-foreground" "-no-remote" "-profile" "/tmp/rust_mozprofileGCltyb"
*** You are running in headless mode.
[GFX1-]: glxtest: libpci missing
[GFX1-]: glxtest: Unable to open a connection to the X server
[GFX1-]: glxtest: libEGL initialize failed
[GFX1-]: No GPUs detected via PCI
1646998852250	Marionette	INFO	Marionette enabled
[GFX1-]: RenderCompositorSWGL failed mapping default framebuffer, no dt
console.warn: SearchSettings: "get: No settings file exists, new profile?" (new NotFoundError("Could not open the file at /tmp/rust_mozprofileGCltyb/search.json.mozlz4", (void 0)))
1646998855468	Marionette	INFO	Listening on port 46003
1646998855600	RemoteAgent	WARN	TLS certificate errors will be ignored for this session
JavaScript error: blob:https://www.ikea.com/d7411682-4f4e-4f88-95c1-964ed15abdcb, line 1: TypeError: a.data.map is not a function
JavaScript error: blob:https://www.ikea.com/f665b869-6e03-44f0-9082-cab8df2eb483, line 1: TypeError: a.data.map is not a function
JavaScript error: blob:https://www.ikea.com/afbccf0e-e7c2-439f-b4df-ec175a7081ef, line 1: TypeError: a.data.map is not a function
JavaScript error: blob:https://www.ikea.com/cce97261-7b9f-4c78-861d-f736319c41c6, line 1: TypeError: a.data.map is not a function
JavaScript warning: https://www.ikea.com/qieD0LSG0Oe5A16gJ9L95QjY/OikaQkLN/MigqcywGTg/W1Jt/UBULJCo, line 1: WebGL warning: <Create>: WebglAllowWindowsNativeGl:false restricts context creation on this system.
JavaScript warning: https://www.ikea.com/qieD0LSG0Oe5A16gJ9L95QjY/OikaQkLN/MigqcywGTg/W1Jt/UBULJCo, line 1: Failed to create WebGL context: WebGL creation failed: 
* WebglAllowWindowsNativeGl:false restricts context creation on this system. ()
* Exhausted GL driver options. (FEATURE_FAILURE_WEBGL_EXHAUSTED_DRIVERS)
1646998997424	mozrunner::runner	INFO	Running command: "/usr/bin/firefox" "-marionette" "-headless" "-foreground" "-no-remote" "-profile" "/tmp/rust_mozprofileRkVgKK"
*** You are running in headless mode.
[GFX1-]: glxtest: libpci missing
[GFX1-]: glxtest: Unable to open a connection to the X server
[GFX1-]: glxtest: libEGL initialize failed
[GFX1-]: No GPUs detected via PCI
1646998998084	Marionette	INFO	Marionette enabled
[GFX1-]: RenderCompositorSWGL failed mapping default framebuffer, no dt
console.warn: SearchSettings: "get: No settings file exists, new profile?" (new NotFoundError("Could not open the file at /tmp/rust_mozprofileRkVgKK/search.json.mozlz4", (void 0)))
1646999001410	Marionette	INFO	Listening on port 38181
1646999001506	RemoteAgent	WARN	TLS certificate errors will be ignored for this session
JavaScript warning: https://www.ikea.com/qieD0LSG0Oe5A16gJ9L95QjY/OikaQkLN/MigqcywGTg/HmRi/KS5AdSw, line 1: WebGL warning: <Create>: WebglAllowWindowsNativeGl:false restricts context creation on this system.
JavaScript warning: https://www.ikea.com/qieD0LSG0Oe5A16gJ9L95QjY/OikaQkLN/MigqcywGTg/HmRi/KS5AdSw, line 1: Failed to create WebGL context: WebGL creation failed: 
* WebglAllowWindowsNativeGl:false restricts context creation on this system. ()
* Exhausted GL driver options. (FEATURE_FAILURE_WEBGL_EXHAUSTED_DRIVERS)
JavaScript error: blob:https://www.ikea.com/53753f20-33ca-49cd-b703-4f4a3effe919, line 1: TypeError: a.data.map is not a function
JavaScript error: blob:https://www.ikea.com/055a63d2-492e-4c3a-a726-493d72d36aee, line 1: TypeError: a.data.map is not a function
JavaScript warning: https://www.ikea.com/qieD0LSG0Oe5A16gJ9L95QjY/OikaQkLN/MigqcywGTg/HmRi/KS5AdSw, line 1: WebGL warning: <Create>: WebglAllowWindowsNativeGl:false restricts context creation on this system.
JavaScript warning: https://www.ikea.com/qieD0LSG0Oe5A16gJ9L95QjY/OikaQkLN/MigqcywGTg/HmRi/KS5AdSw, line 1: Failed to create WebGL context: WebGL creation failed: 
* WebglAllowWindowsNativeGl:false restricts context creation on this system. ()
* Exhausted GL driver options. (FEATURE_FAILURE_WEBGL_EXHAUSTED_DRIVERS)
JavaScript error: blob:https://www.ikea.com/c18f0cfc-d0c6-4231-9603-2c975c59eba3, line 1: TypeError: a.data.map is not a function
JavaScript error: blob:https://www.ikea.com/f4e6f85b-02c3-4a45-8c22-573e9e53a137, line 1: TypeError: a.data.map is not a function
JavaScript error: resource://activity-stream/lib/PersonalityProvider/PersonalityProvider.jsm, line 68: TypeError: http://%(server)s/dummy/blocklist// is not a valid URL.
JavaScript error: resource://activity-stream/lib/PersonalityProvider/PersonalityProvider.jsm, line 68: TypeError: http://%(server)s/dummy/blocklist// is not a valid URL.
console.error: "Failed to fetch undefinedmain-workspace/personality-provider-models/170a56ca-c1bf-4181-9b30-693002f7e245.json: "
console.error: "Failed to fetch undefinedmain-workspace/personality-provider-models/06e44aaa-324b-47ac-b458-72e1bccdf86b.json: "
console.error: "Failed to fetch undefinedmain-workspace/personality-provider-models/30c71fa2-8842-419c-89db-addd30268f5b.json: "
console.error: "Failed to fetch undefinedmain-workspace/personality-provider-models/fa731eb2-b049-44bc-a12d-f42f7cea991d.json: "
console.error: "Failed to fetch undefinedmain-workspace/personality-provider-models/2a0dbd55-2eae-44ea-b787-5379594979ff.json: "
console.error: "Failed to fetch undefinedmain-workspace/personality-provider-models/bd6fe48d-f356-4af1-bb7e-4de42b1e6272.json: "
console.error: "Failed to fetch undefinedmain-workspace/personality-provider-models/c2485f5d-8bb1-4a45-a752-efffe9cd55c3.json: "
console.error: "Failed to fetch undefinedmain-workspace/personality-provider-models/281d6a98-5f8e-4bc4-8bae-72e7e16933ca.json: "
console.error: "Failed to fetch undefinedmain-workspace/personality-provider-models/e8645388-afc5-48e3-8f3f-80f82a5353dc.json: "
console.error: "Failed to fetch undefinedmain-workspace/personality-provider-models/47d2bcee-b6c1-464e-a443-e3527d029b0f.json: "
console.error: "Failed to fetch undefinedmain-workspace/personality-provider-models/18f03fe5-a60f-48c5-8cb8-13da750ca395.json: "
console.error: "Failed to fetch undefinedmain-workspace/personality-provider-models/cdd3cdfb-1988-482a-850f-ec02aff07f45.json: "
console.error: "Failed to fetch undefinedmain-workspace/personality-provider-models/a3944b1a-5464-406f-a97e-691702019575.json: "
console.error: "Failed to fetch undefinedmain-workspace/personality-provider-models/61c97d21-6576-4624-aa8b-37839293aebd.json: "
console.error: "Failed to fetch undefinedmain-workspace/personality-provider-models/1db0b78b-42f2-44fd-b78c-43f5fc760fa1.json: "
console.error: "Failed to fetch undefinedmain-workspace/personality-provider-models/393f4033-c815-48d4-bf23-1eb42b4d30db.json: "
console.error: "Failed to fetch undefinedmain-workspace/personality-provider-models/76666027-45db-4baa-8197-6e0f886966a8.json: "
console.error: "Failed to fetch undefinedmain-workspace/personality-provider-models/24538f21-45ca-4dab-addb-65f655a688e2.json: "
console.error: "Failed to fetch undefinedmain-workspace/personality-provider-models/ad749af2-93d7-4bf3-982f-a558175fd806.json: "
console.error: "Failed to fetch undefinedmain-workspace/personality-provider-models/f477331d-33dc-4dfe-be46-88d5223fb439.json: "
console.error: "Failed to fetch undefinedmain-workspace/personality-provider-models/8267a2cc-0984-4410-87db-c02530703a98.json: "
console.error: "Failed to fetch undefinedmain-workspace/personality-provider-models/3fcbb458-7362-47bb-a426-6b542eb2f014.json: "
console.error: "Failed to fetch undefinedmain-workspace/personality-provider-models/5d011771-de98-48f3-8565-7fc1ef6439c3.json: "
console.error: "Failed to fetch undefinedmain-workspace/personality-provider-models/145b9461-d6cc-4341-8d96-ec3bacace059.json: "
console.error: "Failed to fetch undefinedmain-workspace/personality-provider-models/0685a1b5-34eb-4c13-8c90-bc82735e527f.json: "
console.error: "Failed to fetch undefinedmain-workspace/personality-provider-models/170a56ca-c1bf-4181-9b30-693002f7e245.json: "
console.error: "Failed to fetch undefinedmain-workspace/personality-provider-models/06e44aaa-324b-47ac-b458-72e1bccdf86b.json: "
console.error: "Failed to fetch undefinedmain-workspace/personality-provider-models/30c71fa2-8842-419c-89db-addd30268f5b.json: "
console.error: "Failed to fetch undefinedmain-workspace/personality-provider-models/fa731eb2-b049-44bc-a12d-f42f7cea991d.json: "
console.error: "Failed to fetch undefinedmain-workspace/personality-provider-models/2a0dbd55-2eae-44ea-b787-5379594979ff.json: "
console.error: "Failed to fetch undefinedmain-workspace/personality-provider-models/bd6fe48d-f356-4af1-bb7e-4de42b1e6272.json: "
console.error: "Failed to fetch undefinedmain-workspace/personality-provider-models/c2485f5d-8bb1-4a45-a752-efffe9cd55c3.json: "
console.error: "Failed to fetch undefinedmain-workspace/personality-provider-models/281d6a98-5f8e-4bc4-8bae-72e7e16933ca.json: "
console.error: "Failed to fetch undefinedmain-workspace/personality-provider-models/e8645388-afc5-48e3-8f3f-80f82a5353dc.json: "
console.error: "Failed to fetch undefinedmain-workspace/personality-provider-models/47d2bcee-b6c1-464e-a443-e3527d029b0f.json: "
console.error: "Failed to fetch undefinedmain-workspace/personality-provider-models/18f03fe5-a60f-48c5-8cb8-13da750ca395.json: "
console.error: "Failed to fetch undefinedmain-workspace/personality-provider-models/cdd3cdfb-1988-482a-850f-ec02aff07f45.json: "
console.error: "Failed to fetch undefinedmain-workspace/personality-provider-models/a3944b1a-5464-406f-a97e-691702019575.json: "
console.error: "Failed to fetch undefinedmain-workspace/personality-provider-models/61c97d21-6576-4624-aa8b-37839293aebd.json: "
console.error: "Failed to fetch undefinedmain-workspace/personality-provider-models/1db0b78b-42f2-44fd-b78c-43f5fc760fa1.json: "
console.error: "Failed to fetch undefinedmain-workspace/personality-provider-models/393f4033-c815-48d4-bf23-1eb42b4d30db.json: "
console.error: "Failed to fetch undefinedmain-workspace/personality-provider-models/76666027-45db-4baa-8197-6e0f886966a8.json: "
console.error: "Failed to fetch undefinedmain-workspace/personality-provider-models/24538f21-45ca-4dab-addb-65f655a688e2.json: "
console.error: "Failed to fetch undefinedmain-workspace/personality-provider-models/ad749af2-93d7-4bf3-982f-a558175fd806.json: "
console.error: "Failed to fetch undefinedmain-workspace/personality-provider-models/f477331d-33dc-4dfe-be46-88d5223fb439.json: "
console.error: "Failed to fetch undefinedmain-workspace/personality-provider-models/8267a2cc-0984-4410-87db-c02530703a98.json: "
console.error: "Failed to fetch undefinedmain-workspace/personality-provider-models/3fcbb458-7362-47bb-a426-6b542eb2f014.json: "
console.error: "Failed to fetch undefinedmain-workspace/personality-provider-models/5d011771-de98-48f3-8565-7fc1ef6439c3.json: "
console.error: "Failed to fetch undefinedmain-workspace/personality-provider-models/145b9461-d6cc-4341-8d96-ec3bacace059.json: "
console.error: "Failed to fetch undefinedmain-workspace/personality-provider-models/0685a1b5-34eb-4c13-8c90-bc82735e527f.json: "
console.error: "Failed to fetch undefinedmain-workspace/personality-provider-models/170a56ca-c1bf-4181-9b30-693002f7e245.json: "
console.error: "Failed to fetch undefinedmain-workspace/personality-provider-models/06e44aaa-324b-47ac-b458-72e1bccdf86b.json: "
console.error: "Failed to fetch undefinedmain-workspace/personality-provider-models/30c71fa2-8842-419c-89db-addd30268f5b.json: "
console.error: "Failed to fetch undefinedmain-workspace/personality-provider-models/fa731eb2-b049-44bc-a12d-f42f7cea991d.json: "
console.error: "Failed to fetch undefinedmain-workspace/personality-provider-models/2a0dbd55-2eae-44ea-b787-5379594979ff.json: "
console.error: "Failed to fetch undefinedmain-workspace/personality-provider-models/bd6fe48d-f356-4af1-bb7e-4de42b1e6272.json: "
console.error: "Failed to fetch undefinedmain-workspace/personality-provider-models/c2485f5d-8bb1-4a45-a752-efffe9cd55c3.json: "
console.error: "Failed to fetch undefinedmain-workspace/personality-provider-models/281d6a98-5f8e-4bc4-8bae-72e7e16933ca.json: "
console.error: "Failed to fetch undefinedmain-workspace/personality-provider-models/e8645388-afc5-48e3-8f3f-80f82a5353dc.json: "
console.error: "Failed to fetch undefinedmain-workspace/personality-provider-models/47d2bcee-b6c1-464e-a443-e3527d029b0f.json: "
console.error: "Failed to fetch undefinedmain-workspace/personality-provider-models/18f03fe5-a60f-48c5-8cb8-13da750ca395.json: "
console.error: "Failed to fetch undefinedmain-workspace/personality-provider-models/cdd3cdfb-1988-482a-850f-ec02aff07f45.json: "
console.error: "Failed to fetch undefinedmain-workspace/personality-provider-models/a3944b1a-5464-406f-a97e-691702019575.json: "
console.error: "Failed to fetch undefinedmain-workspace/personality-provider-models/61c97d21-6576-4624-aa8b-37839293aebd.json: "
console.error: "Failed to fetch undefinedmain-workspace/personality-provider-models/1db0b78b-42f2-44fd-b78c-43f5fc760fa1.json: "
console.error: "Failed to fetch undefinedmain-workspace/personality-provider-models/393f4033-c815-48d4-bf23-1eb42b4d30db.json: "
console.error: "Failed to fetch undefinedmain-workspace/personality-provider-models/76666027-45db-4baa-8197-6e0f886966a8.json: "
console.error: "Failed to fetch undefinedmain-workspace/personality-provider-models/24538f21-45ca-4dab-addb-65f655a688e2.json: "
console.error: "Failed to fetch undefinedmain-workspace/personality-provider-models/ad749af2-93d7-4bf3-982f-a558175fd806.json: "
console.error: "Failed to fetch undefinedmain-workspace/personality-provider-models/f477331d-33dc-4dfe-be46-88d5223fb439.json: "
console.error: "Failed to fetch undefinedmain-workspace/personality-provider-models/8267a2cc-0984-4410-87db-c02530703a98.json: "
console.error: "Failed to fetch undefinedmain-workspace/personality-provider-models/3fcbb458-7362-47bb-a426-6b542eb2f014.json: "
console.error: "Failed to fetch undefinedmain-workspace/personality-provider-models/5d011771-de98-48f3-8565-7fc1ef6439c3.json: "
console.error: "Failed to fetch undefinedmain-workspace/personality-provider-models/145b9461-d6cc-4341-8d96-ec3bacace059.json: "
console.error: "Failed to fetch undefinedmain-workspace/personality-provider-models/0685a1b5-34eb-4c13-8c90-bc82735e527f.json: "
console.error: "Failed to fetch undefinedmain-workspace/personality-provider-recipe/e4fb5038-c29e-4954-98a0-72a882e4841f.json: "
console.error: "Failed to fetch undefinedmain-workspace/personality-provider-recipe/e4fb5038-c29e-4954-98a0-72a882e4841f.json: "
console.error: "Failed to fetch undefinedmain-workspace/personality-provider-recipe/e4fb5038-c29e-4954-98a0-72a882e4841f.json: "
JavaScript error: resource://activity-stream/lib/PersonalityProvider/PersonalityProvider.jsm, line 68: TypeError: http://%(server)s/dummy/blocklist// is not a valid URL.
JavaScript error: resource://activity-stream/lib/PersonalityProvider/PersonalityProvider.jsm, line 68: TypeError: http://%(server)s/dummy/blocklist// is not a valid URL.
console.error: "Failed to fetch undefinedmain-workspace/personality-provider-models/170a56ca-c1bf-4181-9b30-693002f7e245.json: "
console.error: "Failed to fetch undefinedmain-workspace/personality-provider-models/06e44aaa-324b-47ac-b458-72e1bccdf86b.json: "
console.error: "Failed to fetch undefinedmain-workspace/personality-provider-models/30c71fa2-8842-419c-89db-addd30268f5b.json: "
console.error: "Failed to fetch undefinedmain-workspace/personality-provider-models/fa731eb2-b049-44bc-a12d-f42f7cea991d.json: "
console.error: "Failed to fetch undefinedmain-workspace/personality-provider-models/2a0dbd55-2eae-44ea-b787-5379594979ff.json: "
console.error: "Failed to fetch undefinedmain-workspace/personality-provider-models/bd6fe48d-f356-4af1-bb7e-4de42b1e6272.json: "
console.error: "Failed to fetch undefinedmain-workspace/personality-provider-models/c2485f5d-8bb1-4a45-a752-efffe9cd55c3.json: "
console.error: "Failed to fetch undefinedmain-workspace/personality-provider-models/281d6a98-5f8e-4bc4-8bae-72e7e16933ca.json: "
console.error: "Failed to fetch undefinedmain-workspace/personality-provider-models/e8645388-afc5-48e3-8f3f-80f82a5353dc.json: "
console.error: "Failed to fetch undefinedmain-workspace/personality-provider-models/47d2bcee-b6c1-464e-a443-e3527d029b0f.json: "
console.error: "Failed to fetch undefinedmain-workspace/personality-provider-models/18f03fe5-a60f-48c5-8cb8-13da750ca395.json: "
console.error: "Failed to fetch undefinedmain-workspace/personality-provider-models/cdd3cdfb-1988-482a-850f-ec02aff07f45.json: "
console.error: "Failed to fetch undefinedmain-workspace/personality-provider-models/a3944b1a-5464-406f-a97e-691702019575.json: "
console.error: "Failed to fetch undefinedmain-workspace/personality-provider-models/61c97d21-6576-4624-aa8b-37839293aebd.json: "
console.error: "Failed to fetch undefinedmain-workspace/personality-provider-models/1db0b78b-42f2-44fd-b78c-43f5fc760fa1.json: "
console.error: "Failed to fetch undefinedmain-workspace/personality-provider-models/393f4033-c815-48d4-bf23-1eb42b4d30db.json: "
console.error: "Failed to fetch undefinedmain-workspace/personality-provider-models/76666027-45db-4baa-8197-6e0f886966a8.json: "
console.error: "Failed to fetch undefinedmain-workspace/personality-provider-models/24538f21-45ca-4dab-addb-65f655a688e2.json: "
console.error: "Failed to fetch undefinedmain-workspace/personality-provider-models/ad749af2-93d7-4bf3-982f-a558175fd806.json: "
console.error: "Failed to fetch undefinedmain-workspace/personality-provider-models/f477331d-33dc-4dfe-be46-88d5223fb439.json: "
console.error: "Failed to fetch undefinedmain-workspace/personality-provider-models/8267a2cc-0984-4410-87db-c02530703a98.json: "
console.error: "Failed to fetch undefinedmain-workspace/personality-provider-models/3fcbb458-7362-47bb-a426-6b542eb2f014.json: "
console.error: "Failed to fetch undefinedmain-workspace/personality-provider-models/5d011771-de98-48f3-8565-7fc1ef6439c3.json: "
console.error: "Failed to fetch undefinedmain-workspace/personality-provider-models/145b9461-d6cc-4341-8d96-ec3bacace059.json: "
console.error: "Failed to fetch undefinedmain-workspace/personality-provider-models/0685a1b5-34eb-4c13-8c90-bc82735e527f.json: "
console.error: "Failed to fetch undefinedmain-workspace/personality-provider-models/170a56ca-c1bf-4181-9b30-693002f7e245.json: "
console.error: "Failed to fetch undefinedmain-workspace/personality-provider-models/06e44aaa-324b-47ac-b458-72e1bccdf86b.json: "
console.error: "Failed to fetch undefinedmain-workspace/personality-provider-models/30c71fa2-8842-419c-89db-addd30268f5b.json: "
console.error: "Failed to fetch undefinedmain-workspace/personality-provider-models/fa731eb2-b049-44bc-a12d-f42f7cea991d.json: "
console.error: "Failed to fetch undefinedmain-workspace/personality-provider-models/2a0dbd55-2eae-44ea-b787-5379594979ff.json: "
console.error: "Failed to fetch undefinedmain-workspace/personality-provider-models/bd6fe48d-f356-4af1-bb7e-4de42b1e6272.json: "
console.error: "Failed to fetch undefinedmain-workspace/personality-provider-models/c2485f5d-8bb1-4a45-a752-efffe9cd55c3.json: "
console.error: "Failed to fetch undefinedmain-workspace/personality-provider-models/281d6a98-5f8e-4bc4-8bae-72e7e16933ca.json: "
console.error: "Failed to fetch undefinedmain-workspace/personality-provider-models/e8645388-afc5-48e3-8f3f-80f82a5353dc.json: "
console.error: "Failed to fetch undefinedmain-workspace/personality-provider-models/47d2bcee-b6c1-464e-a443-e3527d029b0f.json: "
console.error: "Failed to fetch undefinedmain-workspace/personality-provider-models/18f03fe5-a60f-48c5-8cb8-13da750ca395.json: "
console.error: "Failed to fetch undefinedmain-workspace/personality-provider-models/cdd3cdfb-1988-482a-850f-ec02aff07f45.json: "
console.error: "Failed to fetch undefinedmain-workspace/personality-provider-models/a3944b1a-5464-406f-a97e-691702019575.json: "
console.error: "Failed to fetch undefinedmain-workspace/personality-provider-models/61c97d21-6576-4624-aa8b-37839293aebd.json: "
console.error: "Failed to fetch undefinedmain-workspace/personality-provider-models/1db0b78b-42f2-44fd-b78c-43f5fc760fa1.json: "
console.error: "Failed to fetch undefinedmain-workspace/personality-provider-models/393f4033-c815-48d4-bf23-1eb42b4d30db.json: "
console.error: "Failed to fetch undefinedmain-workspace/personality-provider-models/76666027-45db-4baa-8197-6e0f886966a8.json: "
console.error: "Failed to fetch undefinedmain-workspace/personality-provider-models/24538f21-45ca-4dab-addb-65f655a688e2.json: "
console.error: "Failed to fetch undefinedmain-workspace/personality-provider-models/ad749af2-93d7-4bf3-982f-a558175fd806.json: "
console.error: "Failed to fetch undefinedmain-workspace/personality-provider-models/f477331d-33dc-4dfe-be46-88d5223fb439.json: "
console.error: "Failed to fetch undefinedmain-workspace/personality-provider-models/8267a2cc-0984-4410-87db-c02530703a98.json: "
console.error: "Failed to fetch undefinedmain-workspace/personality-provider-models/3fcbb458-7362-47bb-a426-6b542eb2f014.json: "
console.error: "Failed to fetch undefinedmain-workspace/personality-provider-models/5d011771-de98-48f3-8565-7fc1ef6439c3.json: "
console.error: "Failed to fetch undefinedmain-workspace/personality-provider-models/145b9461-d6cc-4341-8d96-ec3bacace059.json: "
console.error: "Failed to fetch undefinedmain-workspace/personality-provider-models/0685a1b5-34eb-4c13-8c90-bc82735e527f.json: "
console.error: "Failed to fetch undefinedmain-workspace/personality-provider-models/170a56ca-c1bf-4181-9b30-693002f7e245.json: "
console.error: "Failed to fetch undefinedmain-workspace/personality-provider-models/06e44aaa-324b-47ac-b458-72e1bccdf86b.json: "
console.error: "Failed to fetch undefinedmain-workspace/personality-provider-models/30c71fa2-8842-419c-89db-addd30268f5b.json: "
console.error: "Failed to fetch undefinedmain-workspace/personality-provider-models/fa731eb2-b049-44bc-a12d-f42f7cea991d.json: "
console.error: "Failed to fetch undefinedmain-workspace/personality-provider-models/2a0dbd55-2eae-44ea-b787-5379594979ff.json: "
console.error: "Failed to fetch undefinedmain-workspace/personality-provider-models/bd6fe48d-f356-4af1-bb7e-4de42b1e6272.json: "
console.error: "Failed to fetch undefinedmain-workspace/personality-provider-models/c2485f5d-8bb1-4a45-a752-efffe9cd55c3.json: "
console.error: "Failed to fetch undefinedmain-workspace/personality-provider-models/281d6a98-5f8e-4bc4-8bae-72e7e16933ca.json: "
console.error: "Failed to fetch undefinedmain-workspace/personality-provider-models/e8645388-afc5-48e3-8f3f-80f82a5353dc.json: "
console.error: "Failed to fetch undefinedmain-workspace/personality-provider-models/47d2bcee-b6c1-464e-a443-e3527d029b0f.json: "
console.error: "Failed to fetch undefinedmain-workspace/personality-provider-models/18f03fe5-a60f-48c5-8cb8-13da750ca395.json: "
console.error: "Failed to fetch undefinedmain-workspace/personality-provider-models/cdd3cdfb-1988-482a-850f-ec02aff07f45.json: "
console.error: "Failed to fetch undefinedmain-workspace/personality-provider-models/a3944b1a-5464-406f-a97e-691702019575.json: "
console.error: "Failed to fetch undefinedmain-workspace/personality-provider-models/61c97d21-6576-4624-aa8b-37839293aebd.json: "
console.error: "Failed to fetch undefinedmain-workspace/personality-provider-models/1db0b78b-42f2-44fd-b78c-43f5fc760fa1.json: "
console.error: "Failed to fetch undefinedmain-workspace/personality-provider-models/393f4033-c815-48d4-bf23-1eb42b4d30db.json: "
console.error: "Failed to fetch undefinedmain-workspace/personality-provider-models/76666027-45db-4baa-8197-6e0f886966a8.json: "
console.error: "Failed to fetch undefinedmain-workspace/personality-provider-models/24538f21-45ca-4dab-addb-65f655a688e2.json: "
console.error: "Failed to fetch undefinedmain-workspace/personality-provider-models/ad749af2-93d7-4bf3-982f-a558175fd806.json: "
console.error: "Failed to fetch undefinedmain-workspace/personality-provider-models/f477331d-33dc-4dfe-be46-88d5223fb439.json: "
console.error: "Failed to fetch undefinedmain-workspace/personality-provider-models/8267a2cc-0984-4410-87db-c02530703a98.json: "
console.error: "Failed to fetch undefinedmain-workspace/personality-provider-models/3fcbb458-7362-47bb-a426-6b542eb2f014.json: "
console.error: "Failed to fetch undefinedmain-workspace/personality-provider-models/5d011771-de98-48f3-8565-7fc1ef6439c3.json: "
console.error: "Failed to fetch undefinedmain-workspace/personality-provider-models/145b9461-d6cc-4341-8d96-ec3bacace059.json: "
console.error: "Failed to fetch undefinedmain-workspace/personality-provider-models/0685a1b5-34eb-4c13-8c90-bc82735e527f.json: "
console.error: "Failed to fetch undefinedmain-workspace/personality-provider-recipe/e4fb5038-c29e-4954-98a0-72a882e4841f.json: "
console.error: "Failed to fetch undefinedmain-workspace/personality-provider-recipe/e4fb5038-c29e-4954-98a0-72a882e4841f.json: "
console.error: "Failed to fetch undefinedmain-workspace/personality-provider-recipe/e4fb5038-c29e-4954-98a0-72a882e4841f.json: "
JavaScript error: resource://activity-stream/lib/PersonalityProvider/PersonalityProvider.jsm, line 68: TypeError: http://%(server)s/dummy/blocklist// is not a valid URL.
JavaScript error: resource://activity-stream/lib/PersonalityProvider/PersonalityProvider.jsm, line 68: TypeError: http://%(server)s/dummy/blocklist// is not a valid URL.
JavaScript error: resource://activity-stream/lib/PersonalityProvider/PersonalityProvider.jsm, line 68: TypeError: http://%(server)s/dummy/blocklist// is not a valid URL.
JavaScript error: resource://activity-stream/lib/PersonalityProvider/PersonalityProvider.jsm, line 68: TypeError: http://%(server)s/dummy/blocklist// is not a valid URL.
JavaScript error: resource://activity-stream/lib/PersonalityProvider/PersonalityProvider.jsm, line 68: TypeError: http://%(server)s/dummy/blocklist// is not a valid URL.
JavaScript error: resource://activity-stream/lib/PersonalityProvider/PersonalityProvider.jsm, line 68: TypeError: http://%(server)s/dummy/blocklist// is not a valid URL.
1646999865769	mozrunner::runner	INFO	Running command: "/usr/bin/firefox" "-marionette" "-headless" "-foreground" "-no-remote" "-profile" "/tmp/rust_mozprofilekZtuqB"
*** You are running in headless mode.
[GFX1-]: glxtest: libpci missing
[GFX1-]: glxtest: Unable to open a connection to the X server
[GFX1-]: glxtest: libEGL initialize failed
[GFX1-]: No GPUs detected via PCI
1646999866492	Marionette	INFO	Marionette enabled
[GFX1-]: RenderCompositorSWGL failed mapping default framebuffer, no dt
console.warn: SearchSettings: "get: No settings file exists, new profile?" (new NotFoundError("Could not open the file at /tmp/rust_mozprofilekZtuqB/search.json.mozlz4", (void 0)))
1646999871234	Marionette	INFO	Listening on port 36971
1646999871435	RemoteAgent	WARN	TLS certificate errors will be ignored for this session
JavaScript error: blob:https://www.ikea.com/79000710-1a0b-4d7e-95a1-c8b8385a0463, line 1: TypeError: a.data.map is not a function
JavaScript error: blob:https://www.ikea.com/17a42894-de4f-46bc-8bdc-9bce28e8b9a0, line 1: TypeError: a.data.map is not a function
JavaScript warning: https://www.ikea.com/qieD0LSG0Oe5A16gJ9L95QjY/OikaQkLN/MigqcywGTg/W1Jt/UBULJCo, line 1: WebGL warning: <Create>: WebglAllowWindowsNativeGl:false restricts context creation on this system.
JavaScript warning: https://www.ikea.com/qieD0LSG0Oe5A16gJ9L95QjY/OikaQkLN/MigqcywGTg/W1Jt/UBULJCo, line 1: Failed to create WebGL context: WebGL creation failed: 
* WebglAllowWindowsNativeGl:false restricts context creation on this system. ()
* Exhausted GL driver options. (FEATURE_FAILURE_WEBGL_EXHAUSTED_DRIVERS)
JavaScript error: blob:https://www.ikea.com/c6a1e316-b2fd-4235-9a10-6cf102eb0e72, line 1: TypeError: a.data.map is not a function
JavaScript error: blob:https://www.ikea.com/b48abdf9-5c30-417e-aae2-bf3359334e8a, line 1: TypeError: a.data.map is not a function
JavaScript warning: https://www.ikea.com/qieD0LSG0Oe5A16gJ9L95QjY/OikaQkLN/MigqcywGTg/W1Jt/UBULJCo, line 1: WebGL warning: <Create>: WebglAllowWindowsNativeGl:false restricts context creation on this system.
JavaScript warning: https://www.ikea.com/qieD0LSG0Oe5A16gJ9L95QjY/OikaQkLN/MigqcywGTg/W1Jt/UBULJCo, line 1: Failed to create WebGL context: WebGL creation failed: 
* WebglAllowWindowsNativeGl:false restricts context creation on this system. ()
* Exhausted GL driver options. (FEATURE_FAILURE_WEBGL_EXHAUSTED_DRIVERS)
JavaScript error: resource://activity-stream/lib/PersonalityProvider/PersonalityProvider.jsm, line 68: TypeError: http://%(server)s/dummy/blocklist// is not a valid URL.
JavaScript error: resource://activity-stream/lib/PersonalityProvider/PersonalityProvider.jsm, line 68: TypeError: http://%(server)s/dummy/blocklist// is not a valid URL.
JavaScript error: resource://activity-stream/lib/PersonalityProvider/PersonalityProvider.jsm, line 68: TypeError: http://%(server)s/dummy/blocklist// is not a valid URL.
JavaScript error: resource://activity-stream/lib/PersonalityProvider/PersonalityProvider.jsm, line 68: TypeError: http://%(server)s/dummy/blocklist// is not a valid URL.
console.error: "Failed to fetch undefinedmain-workspace/personality-provider-models/170a56ca-c1bf-4181-9b30-693002f7e245.json: "
console.error: "Failed to fetch undefinedmain-workspace/personality-provider-models/06e44aaa-324b-47ac-b458-72e1bccdf86b.json: "
console.error: "Failed to fetch undefinedmain-workspace/personality-provider-models/30c71fa2-8842-419c-89db-addd30268f5b.json: "
console.error: "Failed to fetch undefinedmain-workspace/personality-provider-models/fa731eb2-b049-44bc-a12d-f42f7cea991d.json: "
console.error: "Failed to fetch undefinedmain-workspace/personality-provider-models/2a0dbd55-2eae-44ea-b787-5379594979ff.json: "
console.error: "Failed to fetch undefinedmain-workspace/personality-provider-models/bd6fe48d-f356-4af1-bb7e-4de42b1e6272.json: "
console.error: "Failed to fetch undefinedmain-workspace/personality-provider-models/c2485f5d-8bb1-4a45-a752-efffe9cd55c3.json: "
console.error: "Failed to fetch undefinedmain-workspace/personality-provider-models/281d6a98-5f8e-4bc4-8bae-72e7e16933ca.json: "
console.error: "Failed to fetch undefinedmain-workspace/personality-provider-models/e8645388-afc5-48e3-8f3f-80f82a5353dc.json: "
console.error: "Failed to fetch undefinedmain-workspace/personality-provider-models/47d2bcee-b6c1-464e-a443-e3527d029b0f.json: "
console.error: "Failed to fetch undefinedmain-workspace/personality-provider-models/18f03fe5-a60f-48c5-8cb8-13da750ca395.json: "
console.error: "Failed to fetch undefinedmain-workspace/personality-provider-models/cdd3cdfb-1988-482a-850f-ec02aff07f45.json: "
console.error: "Failed to fetch undefinedmain-workspace/personality-provider-models/a3944b1a-5464-406f-a97e-691702019575.json: "
console.error: "Failed to fetch undefinedmain-workspace/personality-provider-models/61c97d21-6576-4624-aa8b-37839293aebd.json: "
console.error: "Failed to fetch undefinedmain-workspace/personality-provider-models/1db0b78b-42f2-44fd-b78c-43f5fc760fa1.json: "
console.error: "Failed to fetch undefinedmain-workspace/personality-provider-models/393f4033-c815-48d4-bf23-1eb42b4d30db.json: "
console.error: "Failed to fetch undefinedmain-workspace/personality-provider-models/76666027-45db-4baa-8197-6e0f886966a8.json: "
console.error: "Failed to fetch undefinedmain-workspace/personality-provider-models/24538f21-45ca-4dab-addb-65f655a688e2.json: "
console.error: "Failed to fetch undefinedmain-workspace/personality-provider-models/ad749af2-93d7-4bf3-982f-a558175fd806.json: "
console.error: "Failed to fetch undefinedmain-workspace/personality-provider-models/f477331d-33dc-4dfe-be46-88d5223fb439.json: "
console.error: "Failed to fetch undefinedmain-workspace/personality-provider-models/8267a2cc-0984-4410-87db-c02530703a98.json: "
console.error: "Failed to fetch undefinedmain-workspace/personality-provider-models/3fcbb458-7362-47bb-a426-6b542eb2f014.json: "
console.error: "Failed to fetch undefinedmain-workspace/personality-provider-models/5d011771-de98-48f3-8565-7fc1ef6439c3.json: "
console.error: "Failed to fetch undefinedmain-workspace/personality-provider-models/145b9461-d6cc-4341-8d96-ec3bacace059.json: "
console.error: "Failed to fetch undefinedmain-workspace/personality-provider-models/0685a1b5-34eb-4c13-8c90-bc82735e527f.json: "
console.error: "Failed to fetch undefinedmain-workspace/personality-provider-models/170a56ca-c1bf-4181-9b30-693002f7e245.json: "
console.error: "Failed to fetch undefinedmain-workspace/personality-provider-models/06e44aaa-324b-47ac-b458-72e1bccdf86b.json: "
console.error: "Failed to fetch undefinedmain-workspace/personality-provider-models/30c71fa2-8842-419c-89db-addd30268f5b.json: "
console.error: "Failed to fetch undefinedmain-workspace/personality-provider-models/fa731eb2-b049-44bc-a12d-f42f7cea991d.json: "
console.error: "Failed to fetch undefinedmain-workspace/personality-provider-models/2a0dbd55-2eae-44ea-b787-5379594979ff.json: "
console.error: "Failed to fetch undefinedmain-workspace/personality-provider-models/bd6fe48d-f356-4af1-bb7e-4de42b1e6272.json: "
console.error: "Failed to fetch undefinedmain-workspace/personality-provider-models/c2485f5d-8bb1-4a45-a752-efffe9cd55c3.json: "
console.error: "Failed to fetch undefinedmain-workspace/personality-provider-models/281d6a98-5f8e-4bc4-8bae-72e7e16933ca.json: "
console.error: "Failed to fetch undefinedmain-workspace/personality-provider-models/e8645388-afc5-48e3-8f3f-80f82a5353dc.json: "
console.error: "Failed to fetch undefinedmain-workspace/personality-provider-models/47d2bcee-b6c1-464e-a443-e3527d029b0f.json: "
console.error: "Failed to fetch undefinedmain-workspace/personality-provider-models/18f03fe5-a60f-48c5-8cb8-13da750ca395.json: "
console.error: "Failed to fetch undefinedmain-workspace/personality-provider-models/cdd3cdfb-1988-482a-850f-ec02aff07f45.json: "
console.error: "Failed to fetch undefinedmain-workspace/personality-provider-models/a3944b1a-5464-406f-a97e-691702019575.json: "
console.error: "Failed to fetch undefinedmain-workspace/personality-provider-models/61c97d21-6576-4624-aa8b-37839293aebd.json: "
console.error: "Failed to fetch undefinedmain-workspace/personality-provider-models/1db0b78b-42f2-44fd-b78c-43f5fc760fa1.json: "
console.error: "Failed to fetch undefinedmain-workspace/personality-provider-models/393f4033-c815-48d4-bf23-1eb42b4d30db.json: "
console.error: "Failed to fetch undefinedmain-workspace/personality-provider-models/76666027-45db-4baa-8197-6e0f886966a8.json: "
console.error: "Failed to fetch undefinedmain-workspace/personality-provider-models/24538f21-45ca-4dab-addb-65f655a688e2.json: "
console.error: "Failed to fetch undefinedmain-workspace/personality-provider-models/ad749af2-93d7-4bf3-982f-a558175fd806.json: "
console.error: "Failed to fetch undefinedmain-workspace/personality-provider-models/f477331d-33dc-4dfe-be46-88d5223fb439.json: "
console.error: "Failed to fetch undefinedmain-workspace/personality-provider-models/8267a2cc-0984-4410-87db-c02530703a98.json: "
console.error: "Failed to fetch undefinedmain-workspace/personality-provider-models/3fcbb458-7362-47bb-a426-6b542eb2f014.json: "
console.error: "Failed to fetch undefinedmain-workspace/personality-provider-models/5d011771-de98-48f3-8565-7fc1ef6439c3.json: "
console.error: "Failed to fetch undefinedmain-workspace/personality-provider-models/145b9461-d6cc-4341-8d96-ec3bacace059.json: "
console.error: "Failed to fetch undefinedmain-workspace/personality-provider-models/0685a1b5-34eb-4c13-8c90-bc82735e527f.json: "
console.error: "Failed to fetch undefinedmain-workspace/personality-provider-models/170a56ca-c1bf-4181-9b30-693002f7e245.json: "
console.error: "Failed to fetch undefinedmain-workspace/personality-provider-models/06e44aaa-324b-47ac-b458-72e1bccdf86b.json: "
console.error: "Failed to fetch undefinedmain-workspace/personality-provider-models/30c71fa2-8842-419c-89db-addd30268f5b.json: "
console.error: "Failed to fetch undefinedmain-workspace/personality-provider-models/fa731eb2-b049-44bc-a12d-f42f7cea991d.json: "
console.error: "Failed to fetch undefinedmain-workspace/personality-provider-models/2a0dbd55-2eae-44ea-b787-5379594979ff.json: "
console.error: "Failed to fetch undefinedmain-workspace/personality-provider-models/bd6fe48d-f356-4af1-bb7e-4de42b1e6272.json: "
console.error: "Failed to fetch undefinedmain-workspace/personality-provider-models/c2485f5d-8bb1-4a45-a752-efffe9cd55c3.json: "
console.error: "Failed to fetch undefinedmain-workspace/personality-provider-models/281d6a98-5f8e-4bc4-8bae-72e7e16933ca.json: "
console.error: "Failed to fetch undefinedmain-workspace/personality-provider-models/e8645388-afc5-48e3-8f3f-80f82a5353dc.json: "
console.error: "Failed to fetch undefinedmain-workspace/personality-provider-models/47d2bcee-b6c1-464e-a443-e3527d029b0f.json: "
console.error: "Failed to fetch undefinedmain-workspace/personality-provider-models/18f03fe5-a60f-48c5-8cb8-13da750ca395.json: "
console.error: "Failed to fetch undefinedmain-workspace/personality-provider-models/cdd3cdfb-1988-482a-850f-ec02aff07f45.json: "
console.error: "Failed to fetch undefinedmain-workspace/personality-provider-models/a3944b1a-5464-406f-a97e-691702019575.json: "
console.error: "Failed to fetch undefinedmain-workspace/personality-provider-models/61c97d21-6576-4624-aa8b-37839293aebd.json: "
console.error: "Failed to fetch undefinedmain-workspace/personality-provider-models/1db0b78b-42f2-44fd-b78c-43f5fc760fa1.json: "
console.error: "Failed to fetch undefinedmain-workspace/personality-provider-models/393f4033-c815-48d4-bf23-1eb42b4d30db.json: "
console.error: "Failed to fetch undefinedmain-workspace/personality-provider-models/76666027-45db-4baa-8197-6e0f886966a8.json: "
console.error: "Failed to fetch undefinedmain-workspace/personality-provider-models/24538f21-45ca-4dab-addb-65f655a688e2.json: "
console.error: "Failed to fetch undefinedmain-workspace/personality-provider-models/ad749af2-93d7-4bf3-982f-a558175fd806.json: "
console.error: "Failed to fetch undefinedmain-workspace/personality-provider-models/f477331d-33dc-4dfe-be46-88d5223fb439.json: "
console.error: "Failed to fetch undefinedmain-workspace/personality-provider-models/8267a2cc-0984-4410-87db-c02530703a98.json: "
console.error: "Failed to fetch undefinedmain-workspace/personality-provider-models/3fcbb458-7362-47bb-a426-6b542eb2f014.json: "
console.error: "Failed to fetch undefinedmain-workspace/personality-provider-models/5d011771-de98-48f3-8565-7fc1ef6439c3.json: "
console.error: "Failed to fetch undefinedmain-workspace/personality-provider-models/145b9461-d6cc-4341-8d96-ec3bacace059.json: "
console.error: "Failed to fetch undefinedmain-workspace/personality-provider-models/0685a1b5-34eb-4c13-8c90-bc82735e527f.json: "
console.error: "Failed to fetch undefinedmain-workspace/personality-provider-recipe/e4fb5038-c29e-4954-98a0-72a882e4841f.json: "
console.error: "Failed to fetch undefinedmain-workspace/personality-provider-recipe/e4fb5038-c29e-4954-98a0-72a882e4841f.json: "
console.error: "Failed to fetch undefinedmain-workspace/personality-provider-recipe/e4fb5038-c29e-4954-98a0-72a882e4841f.json: "
JavaScript error: resource://activity-stream/lib/PersonalityProvider/PersonalityProvider.jsm, line 68: TypeError: http://%(server)s/dummy/blocklist// is not a valid URL.
JavaScript error: resource://activity-stream/lib/PersonalityProvider/PersonalityProvider.jsm, line 68: TypeError: http://%(server)s/dummy/blocklist// is not a valid URL.
JavaScript error: resource://activity-stream/lib/PersonalityProvider/PersonalityProvider.jsm, line 68: TypeError: http://%(server)s/dummy/blocklist// is not a valid URL.
JavaScript error: resource://activity-stream/lib/PersonalityProvider/PersonalityProvider.jsm, line 68: TypeError: http://%(server)s/dummy/blocklist// is not a valid URL.
JavaScript error: resource://activity-stream/lib/PersonalityProvider/PersonalityProvider.jsm, line 68: TypeError: http://%(server)s/dummy/blocklist// is not a valid URL.
JavaScript error: resource://activity-stream/lib/PersonalityProvider/PersonalityProvider.jsm, line 68: TypeError: http://%(server)s/dummy/blocklist// is not a valid URL.
JavaScript error: resource://activity-stream/lib/PersonalityProvider/PersonalityProvider.jsm, line 68: TypeError: http://%(server)s/dummy/blocklist// is not a valid URL.
JavaScript error: resource://activity-stream/lib/PersonalityProvider/PersonalityProvider.jsm, line 68: TypeError: http://%(server)s/dummy/blocklist// is not a valid URL.
JavaScript error: resource://activity-stream/lib/PersonalityProvider/PersonalityProvider.jsm, line 68: TypeError: http://%(server)s/dummy/blocklist// is not a valid URL.
JavaScript error: resource://activity-stream/lib/PersonalityProvider/PersonalityProvider.jsm, line 68: TypeError: http://%(server)s/dummy/blocklist// is not a valid URL.
JavaScript error: resource://activity-stream/lib/PersonalityProvider/PersonalityProvider.jsm, line 68: TypeError: http://%(server)s/dummy/blocklist// is not a valid URL.
JavaScript error: resource://activity-stream/lib/PersonalityProvider/PersonalityProvider.jsm, line 68: TypeError: http://%(server)s/dummy/blocklist// is not a valid URL.
JavaScript error: resource://activity-stream/lib/PersonalityProvider/PersonalityProvider.jsm, line 68: TypeError: http://%(server)s/dummy/blocklist// is not a valid URL.
JavaScript error: resource://activity-stream/lib/PersonalityProvider/PersonalityProvider.jsm, line 68: TypeError: http://%(server)s/dummy/blocklist// is not a valid URL.
JavaScript error: resource://activity-stream/lib/PersonalityProvider/PersonalityProvider.jsm, line 68: TypeError: http://%(server)s/dummy/blocklist// is not a valid URL.
JavaScript error: resource://activity-stream/lib/PersonalityProvider/PersonalityProvider.jsm, line 68: TypeError: http://%(server)s/dummy/blocklist// is not a valid URL.
JavaScript error: resource://activity-stream/lib/PersonalityProvider/PersonalityProvider.jsm, line 68: TypeError: http://%(server)s/dummy/blocklist// is not a valid URL.
JavaScript error: resource://activity-stream/lib/PersonalityProvider/PersonalityProvider.jsm, line 68: TypeError: http://%(server)s/dummy/blocklist// is not a valid URL.
JavaScript error: resource://activity-stream/lib/PersonalityProvider/PersonalityProvider.jsm, line 68: TypeError: http://%(server)s/dummy/blocklist// is not a valid URL.
JavaScript error: resource://activity-stream/lib/PersonalityProvider/PersonalityProvider.jsm, line 68: TypeError: http://%(server)s/dummy/blocklist// is not a valid URL.
JavaScript error: resource://activity-stream/lib/PersonalityProvider/PersonalityProvider.jsm, line 68: TypeError: http://%(server)s/dummy/blocklist// is not a valid URL.
JavaScript error: resource://activity-stream/lib/PersonalityProvider/PersonalityProvider.jsm, line 68: TypeError: http://%(server)s/dummy/blocklist// is not a valid URL.
JavaScript error: resource://activity-stream/lib/PersonalityProvider/PersonalityProvider.jsm, line 68: TypeError: http://%(server)s/dummy/blocklist// is not a valid URL.
JavaScript error: resource://activity-stream/lib/PersonalityProvider/PersonalityProvider.jsm, line 68: TypeError: http://%(server)s/dummy/blocklist// is not a valid URL.
JavaScript error: resource://activity-stream/lib/PersonalityProvider/PersonalityProvider.jsm, line 68: TypeError: http://%(server)s/dummy/blocklist// is not a valid URL.
JavaScript error: resource://activity-stream/lib/PersonalityProvider/PersonalityProvider.jsm, line 68: TypeError: http://%(server)s/dummy/blocklist// is not a valid URL.
JavaScript error: resource://activity-stream/lib/PersonalityProvider/PersonalityProvider.jsm, line 68: TypeError: http://%(server)s/dummy/blocklist// is not a valid URL.
JavaScript error: resource://activity-stream/lib/PersonalityProvider/PersonalityProvider.jsm, line 68: TypeError: http://%(server)s/dummy/blocklist// is not a valid URL.
JavaScript error: resource://activity-stream/lib/PersonalityProvider/PersonalityProvider.jsm, line 68: TypeError: http://%(server)s/dummy/blocklist// is not a valid URL.
JavaScript error: resource://activity-stream/lib/PersonalityProvider/PersonalityProvider.jsm, line 68: TypeError: http://%(server)s/dummy/blocklist// is not a valid URL.
JavaScript error: resource://activity-stream/lib/PersonalityProvider/PersonalityProvider.jsm, line 68: TypeError: http://%(server)s/dummy/blocklist// is not a valid URL.
JavaScript error: resource://activity-stream/lib/PersonalityProvider/PersonalityProvider.jsm, line 68: TypeError: http://%(server)s/dummy/blocklist// is not a valid URL.
JavaScript error: resource://activity-stream/lib/PersonalityProvider/PersonalityProvider.jsm, line 68: TypeError: http://%(server)s/dummy/blocklist// is not a valid URL.
JavaScript error: resource://activity-stream/lib/PersonalityProvider/PersonalityProvider.jsm, line 68: TypeError: http://%(server)s/dummy/blocklist// is not a valid URL.
JavaScript error: resource://activity-stream/lib/PersonalityProvider/PersonalityProvider.jsm, line 68: TypeError: http://%(server)s/dummy/blocklist// is not a valid URL.
JavaScript error: resource://activity-stream/lib/PersonalityProvider/PersonalityProvider.jsm, line 68: TypeError: http://%(server)s/dummy/blocklist// is not a valid URL.
JavaScript error: resource://activity-stream/lib/PersonalityProvider/PersonalityProvider.jsm, line 68: TypeError: http://%(server)s/dummy/blocklist// is not a valid URL.
JavaScript error: resource://activity-stream/lib/PersonalityProvider/PersonalityProvider.jsm, line 68: TypeError: http://%(server)s/dummy/blocklist// is not a valid URL.
JavaScript error: resource://activity-stream/lib/PersonalityProvider/PersonalityProvider.jsm, line 68: TypeError: http://%(server)s/dummy/blocklist// is not a valid URL.
JavaScript error: resource://activity-stream/lib/PersonalityProvider/PersonalityProvider.jsm, line 68: TypeError: http://%(server)s/dummy/blocklist// is not a valid URL.
JavaScript error: resource://activity-stream/lib/PersonalityProvider/PersonalityProvider.jsm, line 68: TypeError: http://%(server)s/dummy/blocklist// is not a valid URL.
JavaScript error: resource://activity-stream/lib/PersonalityProvider/PersonalityProvider.jsm, line 68: TypeError: http://%(server)s/dummy/blocklist// is not a valid URL.
JavaScript error: resource://activity-stream/lib/PersonalityProvider/PersonalityProvider.jsm, line 68: TypeError: http://%(server)s/dummy/blocklist// is not a valid URL.
JavaScript error: resource://activity-stream/lib/PersonalityProvider/PersonalityProvider.jsm, line 68: TypeError: http://%(server)s/dummy/blocklist// is not a valid URL.
JavaScript error: resource://activity-stream/lib/PersonalityProvider/PersonalityProvider.jsm, line 68: TypeError: http://%(server)s/dummy/blocklist// is not a valid URL.
JavaScript error: resource://activity-stream/lib/PersonalityProvider/PersonalityProvider.jsm, line 68: TypeError: http://%(server)s/dummy/blocklist// is not a valid URL.
JavaScript error: resource://activity-stream/lib/PersonalityProvider/PersonalityProvider.jsm, line 68: TypeError: http://%(server)s/dummy/blocklist// is not a valid URL.
JavaScript error: resource://activity-stream/lib/PersonalityProvider/PersonalityProvider.jsm, line 68: TypeError: http://%(server)s/dummy/blocklist// is not a valid URL.
JavaScript error: resource://activity-stream/lib/PersonalityProvider/PersonalityProvider.jsm, line 68: TypeError: http://%(server)s/dummy/blocklist// is not a valid URL.
JavaScript error: resource://activity-stream/lib/PersonalityProvider/PersonalityProvider.jsm, line 68: TypeError: http://%(server)s/dummy/blocklist// is not a valid URL.
JavaScript error: resource://activity-stream/lib/PersonalityProvider/PersonalityProvider.jsm, line 68: TypeError: http://%(server)s/dummy/blocklist// is not a valid URL.
JavaScript error: resource://activity-stream/lib/PersonalityProvider/PersonalityProvider.jsm, line 68: TypeError: http://%(server)s/dummy/blocklist// is not a valid URL.
JavaScript error: resource://activity-stream/lib/PersonalityProvider/PersonalityProvider.jsm, line 68: TypeError: http://%(server)s/dummy/blocklist// is not a valid URL.
JavaScript error: resource://activity-stream/lib/PersonalityProvider/PersonalityProvider.jsm, line 68: TypeError: http://%(server)s/dummy/blocklist// is not a valid URL.
JavaScript error: resource://activity-stream/lib/PersonalityProvider/PersonalityProvider.jsm, line 68: TypeError: http://%(server)s/dummy/blocklist// is not a valid URL.
JavaScript error: resource://activity-stream/lib/PersonalityProvider/PersonalityProvider.jsm, line 68: TypeError: http://%(server)s/dummy/blocklist// is not a valid URL.
JavaScript error: resource://activity-stream/lib/PersonalityProvider/PersonalityProvider.jsm, line 68: TypeError: http://%(server)s/dummy/blocklist// is not a valid URL.
JavaScript error: resource://activity-stream/lib/PersonalityProvider/PersonalityProvider.jsm, line 68: TypeError: http://%(server)s/dummy/blocklist// is not a valid URL.
JavaScript error: resource://activity-stream/lib/PersonalityProvider/PersonalityProvider.jsm, line 68: TypeError: http://%(server)s/dummy/blocklist// is not a valid URL.
JavaScript error: resource://activity-stream/lib/PersonalityProvider/PersonalityProvider.jsm, line 68: TypeError: http://%(server)s/dummy/blocklist// is not a valid URL.
JavaScript error: resource://activity-stream/lib/PersonalityProvider/PersonalityProvider.jsm, line 68: TypeError: http://%(server)s/dummy/blocklist// is not a valid URL.
1647951890518	mozrunner::runner	INFO	Running command: "/usr/bin/firefox" "-marionette" "-headless" "-foreground" "-no-remote" "-profile" "/tmp/rust_mozprofilewP76w0"
*** You are running in headless mode.
[GFX1-]: glxtest: libpci missing
[GFX1-]: glxtest: Unable to open a connection to the X server
[GFX1-]: glxtest: libEGL initialize failed
[GFX1-]: No GPUs detected via PCI
1647951891778	Marionette	INFO	Marionette enabled
[GFX1-]: RenderCompositorSWGL failed mapping default framebuffer, no dt
console.warn: SearchSettings: "get: No settings file exists, new profile?" (new NotFoundError("Could not open the file at /tmp/rust_mozprofilewP76w0/search.json.mozlz4", (void 0)))
1647951894736	Marionette	INFO	Listening on port 33543
1647951894827	RemoteAgent	WARN	TLS certificate errors will be ignored for this session
JavaScript error: blob:https://www.ikea.com/35813844-a05b-4e73-b677-0c05815e9016, line 1: TypeError: a.data.map is not a function
JavaScript error: blob:https://www.ikea.com/67e26fdb-ae74-4355-8ea5-1894842dc3fe, line 1: TypeError: a.data.map is not a function
JavaScript error: blob:https://www.ikea.com/5ad41c68-a68d-41dc-a077-406e7def7b15, line 1: TypeError: a.data.map is not a function
JavaScript error: blob:https://www.ikea.com/587ce0f2-c1de-42b1-a8dd-935b6cc8db9d, line 1: TypeError: a.data.map is not a function
JavaScript warning: https://www.ikea.com/xMdY0pCaB/6ApMJ9z/cQ/EcpurQpDLu/ORoxZ2Ms/CGNNU3c/tbyg, line 1: WebGL warning: <Create>: WebglAllowWindowsNativeGl:false restricts context creation on this system.
JavaScript warning: https://www.ikea.com/xMdY0pCaB/6ApMJ9z/cQ/EcpurQpDLu/ORoxZ2Ms/CGNNU3c/tbyg, line 1: Failed to create WebGL context: WebGL creation failed: 
* WebglAllowWindowsNativeGl:false restricts context creation on this system. ()
* Exhausted GL driver options. (FEATURE_FAILURE_WEBGL_EXHAUSTED_DRIVERS)
JavaScript error: resource://activity-stream/lib/PersonalityProvider/PersonalityProvider.jsm, line 68: TypeError: http://%(server)s/dummy/blocklist// is not a valid URL.
console.error: "Failed to fetch undefinedmain-workspace/personality-provider-models/170a56ca-c1bf-4181-9b30-693002f7e245.json: "
console.error: "Failed to fetch undefinedmain-workspace/personality-provider-models/06e44aaa-324b-47ac-b458-72e1bccdf86b.json: "
console.error: "Failed to fetch undefinedmain-workspace/personality-provider-models/30c71fa2-8842-419c-89db-addd30268f5b.json: "
console.error: "Failed to fetch undefinedmain-workspace/personality-provider-models/fa731eb2-b049-44bc-a12d-f42f7cea991d.json: "
console.error: "Failed to fetch undefinedmain-workspace/personality-provider-models/2a0dbd55-2eae-44ea-b787-5379594979ff.json: "
console.error: "Failed to fetch undefinedmain-workspace/personality-provider-models/bd6fe48d-f356-4af1-bb7e-4de42b1e6272.json: "
console.error: "Failed to fetch undefinedmain-workspace/personality-provider-models/c2485f5d-8bb1-4a45-a752-efffe9cd55c3.json: "
console.error: "Failed to fetch undefinedmain-workspace/personality-provider-models/281d6a98-5f8e-4bc4-8bae-72e7e16933ca.json: "
console.error: "Failed to fetch undefinedmain-workspace/personality-provider-models/e8645388-afc5-48e3-8f3f-80f82a5353dc.json: "
console.error: "Failed to fetch undefinedmain-workspace/personality-provider-models/47d2bcee-b6c1-464e-a443-e3527d029b0f.json: "
console.error: "Failed to fetch undefinedmain-workspace/personality-provider-models/18f03fe5-a60f-48c5-8cb8-13da750ca395.json: "
console.error: "Failed to fetch undefinedmain-workspace/personality-provider-models/cdd3cdfb-1988-482a-850f-ec02aff07f45.json: "
console.error: "Failed to fetch undefinedmain-workspace/personality-provider-models/a3944b1a-5464-406f-a97e-691702019575.json: "
console.error: "Failed to fetch undefinedmain-workspace/personality-provider-models/61c97d21-6576-4624-aa8b-37839293aebd.json: "
console.error: "Failed to fetch undefinedmain-workspace/personality-provider-models/1db0b78b-42f2-44fd-b78c-43f5fc760fa1.json: "
console.error: "Failed to fetch undefinedmain-workspace/personality-provider-models/393f4033-c815-48d4-bf23-1eb42b4d30db.json: "
console.error: "Failed to fetch undefinedmain-workspace/personality-provider-models/76666027-45db-4baa-8197-6e0f886966a8.json: "
console.error: "Failed to fetch undefinedmain-workspace/personality-provider-models/24538f21-45ca-4dab-addb-65f655a688e2.json: "
console.error: "Failed to fetch undefinedmain-workspace/personality-provider-models/ad749af2-93d7-4bf3-982f-a558175fd806.json: "
console.error: "Failed to fetch undefinedmain-workspace/personality-provider-models/f477331d-33dc-4dfe-be46-88d5223fb439.json: "
console.error: "Failed to fetch undefinedmain-workspace/personality-provider-models/8267a2cc-0984-4410-87db-c02530703a98.json: "
console.error: "Failed to fetch undefinedmain-workspace/personality-provider-models/3fcbb458-7362-47bb-a426-6b542eb2f014.json: "
console.error: "Failed to fetch undefinedmain-workspace/personality-provider-models/5d011771-de98-48f3-8565-7fc1ef6439c3.json: "
console.error: "Failed to fetch undefinedmain-workspace/personality-provider-models/145b9461-d6cc-4341-8d96-ec3bacace059.json: "
console.error: "Failed to fetch undefinedmain-workspace/personality-provider-models/0685a1b5-34eb-4c13-8c90-bc82735e527f.json: "
console.error: "Failed to fetch undefinedmain-workspace/personality-provider-models/170a56ca-c1bf-4181-9b30-693002f7e245.json: "
console.error: "Failed to fetch undefinedmain-workspace/personality-provider-models/06e44aaa-324b-47ac-b458-72e1bccdf86b.json: "
console.error: "Failed to fetch undefinedmain-workspace/personality-provider-models/30c71fa2-8842-419c-89db-addd30268f5b.json: "
console.error: "Failed to fetch undefinedmain-workspace/personality-provider-models/fa731eb2-b049-44bc-a12d-f42f7cea991d.json: "
console.error: "Failed to fetch undefinedmain-workspace/personality-provider-models/2a0dbd55-2eae-44ea-b787-5379594979ff.json: "
console.error: "Failed to fetch undefinedmain-workspace/personality-provider-models/bd6fe48d-f356-4af1-bb7e-4de42b1e6272.json: "
console.error: "Failed to fetch undefinedmain-workspace/personality-provider-models/c2485f5d-8bb1-4a45-a752-efffe9cd55c3.json: "
console.error: "Failed to fetch undefinedmain-workspace/personality-provider-models/281d6a98-5f8e-4bc4-8bae-72e7e16933ca.json: "
console.error: "Failed to fetch undefinedmain-workspace/personality-provider-models/e8645388-afc5-48e3-8f3f-80f82a5353dc.json: "
console.error: "Failed to fetch undefinedmain-workspace/personality-provider-models/47d2bcee-b6c1-464e-a443-e3527d029b0f.json: "
console.error: "Failed to fetch undefinedmain-workspace/personality-provider-models/18f03fe5-a60f-48c5-8cb8-13da750ca395.json: "
console.error: "Failed to fetch undefinedmain-workspace/personality-provider-models/cdd3cdfb-1988-482a-850f-ec02aff07f45.json: "
console.error: "Failed to fetch undefinedmain-workspace/personality-provider-models/a3944b1a-5464-406f-a97e-691702019575.json: "
console.error: "Failed to fetch undefinedmain-workspace/personality-provider-models/61c97d21-6576-4624-aa8b-37839293aebd.json: "
console.error: "Failed to fetch undefinedmain-workspace/personality-provider-models/1db0b78b-42f2-44fd-b78c-43f5fc760fa1.json: "
console.error: "Failed to fetch undefinedmain-workspace/personality-provider-models/393f4033-c815-48d4-bf23-1eb42b4d30db.json: "
console.error: "Failed to fetch undefinedmain-workspace/personality-provider-models/76666027-45db-4baa-8197-6e0f886966a8.json: "
console.error: "Failed to fetch undefinedmain-workspace/personality-provider-models/24538f21-45ca-4dab-addb-65f655a688e2.json: "
console.error: "Failed to fetch undefinedmain-workspace/personality-provider-models/ad749af2-93d7-4bf3-982f-a558175fd806.json: "
console.error: "Failed to fetch undefinedmain-workspace/personality-provider-models/f477331d-33dc-4dfe-be46-88d5223fb439.json: "
console.error: "Failed to fetch undefinedmain-workspace/personality-provider-models/8267a2cc-0984-4410-87db-c02530703a98.json: "
console.error: "Failed to fetch undefinedmain-workspace/personality-provider-models/3fcbb458-7362-47bb-a426-6b542eb2f014.json: "
console.error: "Failed to fetch undefinedmain-workspace/personality-provider-models/5d011771-de98-48f3-8565-7fc1ef6439c3.json: "
console.error: "Failed to fetch undefinedmain-workspace/personality-provider-models/145b9461-d6cc-4341-8d96-ec3bacace059.json: "
console.error: "Failed to fetch undefinedmain-workspace/personality-provider-models/0685a1b5-34eb-4c13-8c90-bc82735e527f.json: "
console.error: "Failed to fetch undefinedmain-workspace/personality-provider-models/170a56ca-c1bf-4181-9b30-693002f7e245.json: "
console.error: "Failed to fetch undefinedmain-workspace/personality-provider-models/06e44aaa-324b-47ac-b458-72e1bccdf86b.json: "
console.error: "Failed to fetch undefinedmain-workspace/personality-provider-models/30c71fa2-8842-419c-89db-addd30268f5b.json: "
console.error: "Failed to fetch undefinedmain-workspace/personality-provider-models/fa731eb2-b049-44bc-a12d-f42f7cea991d.json: "
console.error: "Failed to fetch undefinedmain-workspace/personality-provider-models/2a0dbd55-2eae-44ea-b787-5379594979ff.json: "
console.error: "Failed to fetch undefinedmain-workspace/personality-provider-models/bd6fe48d-f356-4af1-bb7e-4de42b1e6272.json: "
console.error: "Failed to fetch undefinedmain-workspace/personality-provider-models/c2485f5d-8bb1-4a45-a752-efffe9cd55c3.json: "
console.error: "Failed to fetch undefinedmain-workspace/personality-provider-models/281d6a98-5f8e-4bc4-8bae-72e7e16933ca.json: "
console.error: "Failed to fetch undefinedmain-workspace/personality-provider-models/e8645388-afc5-48e3-8f3f-80f82a5353dc.json: "
console.error: "Failed to fetch undefinedmain-workspace/personality-provider-models/47d2bcee-b6c1-464e-a443-e3527d029b0f.json: "
console.error: "Failed to fetch undefinedmain-workspace/personality-provider-models/18f03fe5-a60f-48c5-8cb8-13da750ca395.json: "
console.error: "Failed to fetch undefinedmain-workspace/personality-provider-models/cdd3cdfb-1988-482a-850f-ec02aff07f45.json: "
console.error: "Failed to fetch undefinedmain-workspace/personality-provider-models/a3944b1a-5464-406f-a97e-691702019575.json: "
console.error: "Failed to fetch undefinedmain-workspace/personality-provider-models/61c97d21-6576-4624-aa8b-37839293aebd.json: "
console.error: "Failed to fetch undefinedmain-workspace/personality-provider-models/1db0b78b-42f2-44fd-b78c-43f5fc760fa1.json: "
console.error: "Failed to fetch undefinedmain-workspace/personality-provider-models/393f4033-c815-48d4-bf23-1eb42b4d30db.json: "
console.error: "Failed to fetch undefinedmain-workspace/personality-provider-models/76666027-45db-4baa-8197-6e0f886966a8.json: "
console.error: "Failed to fetch undefinedmain-workspace/personality-provider-models/24538f21-45ca-4dab-addb-65f655a688e2.json: "
console.error: "Failed to fetch undefinedmain-workspace/personality-provider-models/ad749af2-93d7-4bf3-982f-a558175fd806.json: "
console.error: "Failed to fetch undefinedmain-workspace/personality-provider-models/f477331d-33dc-4dfe-be46-88d5223fb439.json: "
console.error: "Failed to fetch undefinedmain-workspace/personality-provider-models/8267a2cc-0984-4410-87db-c02530703a98.json: "
console.error: "Failed to fetch undefinedmain-workspace/personality-provider-models/3fcbb458-7362-47bb-a426-6b542eb2f014.json: "
console.error: "Failed to fetch undefinedmain-workspace/personality-provider-models/5d011771-de98-48f3-8565-7fc1ef6439c3.json: "
console.error: "Failed to fetch undefinedmain-workspace/personality-provider-models/145b9461-d6cc-4341-8d96-ec3bacace059.json: "
console.error: "Failed to fetch undefinedmain-workspace/personality-provider-models/0685a1b5-34eb-4c13-8c90-bc82735e527f.json: "
console.error: "Failed to fetch undefinedmain-workspace/personality-provider-recipe/e4fb5038-c29e-4954-98a0-72a882e4841f.json: "
console.error: "Failed to fetch undefinedmain-workspace/personality-provider-recipe/e4fb5038-c29e-4954-98a0-72a882e4841f.json: "
console.error: "Failed to fetch undefinedmain-workspace/personality-provider-recipe/e4fb5038-c29e-4954-98a0-72a882e4841f.json: "
JavaScript error: resource://activity-stream/lib/PersonalityProvider/PersonalityProvider.jsm, line 68: TypeError: http://%(server)s/dummy/blocklist// is not a valid URL.
JavaScript error: resource://activity-stream/lib/PersonalityProvider/PersonalityProvider.jsm, line 68: TypeError: http://%(server)s/dummy/blocklist// is not a valid URL.
1647952612665	mozrunner::runner	INFO	Running command: "/usr/bin/firefox" "-marionette" "-headless" "-foreground" "-no-remote" "-profile" "/tmp/rust_mozprofileVEgHpr"
*** You are running in headless mode.
[GFX1-]: glxtest: libpci missing
[GFX1-]: glxtest: Unable to open a connection to the X server
[GFX1-]: glxtest: libEGL initialize failed
[GFX1-]: No GPUs detected via PCI
1647952613421	Marionette	INFO	Marionette enabled
[GFX1-]: RenderCompositorSWGL failed mapping default framebuffer, no dt
console.warn: SearchSettings: "get: No settings file exists, new profile?" (new NotFoundError("Could not open the file at /tmp/rust_mozprofileVEgHpr/search.json.mozlz4", (void 0)))
1647952616671	Marionette	INFO	Listening on port 42315
1647952616745	RemoteAgent	WARN	TLS certificate errors will be ignored for this session
JavaScript error: blob:https://www.ikea.com/933f759c-6e94-435e-8228-2ddc8e8de2ee, line 1: TypeError: a.data.map is not a function
JavaScript error: blob:https://www.ikea.com/7c05bd14-c05e-440f-abfb-d6a60783688d, line 1: TypeError: a.data.map is not a function
JavaScript error: blob:https://www.ikea.com/f842575c-5139-4890-bf85-6b3b6ac4cc3e, line 1: TypeError: a.data.map is not a function
JavaScript error: blob:https://www.ikea.com/f0a3e779-8f4e-4f97-9dc6-0f20fa3dddde, line 1: TypeError: a.data.map is not a function
JavaScript warning: https://www.ikea.com/xMdY0pCaB/6ApMJ9z/cQ/EcpurQpDLu/ORoxZ2Ms/CGNNU3c/tbyg, line 1: WebGL warning: <Create>: WebglAllowWindowsNativeGl:false restricts context creation on this system.
JavaScript warning: https://www.ikea.com/xMdY0pCaB/6ApMJ9z/cQ/EcpurQpDLu/ORoxZ2Ms/CGNNU3c/tbyg, line 1: Failed to create WebGL context: WebGL creation failed: 
* WebglAllowWindowsNativeGl:false restricts context creation on this system. ()
* Exhausted GL driver options. (FEATURE_FAILURE_WEBGL_EXHAUSTED_DRIVERS)
JavaScript error: resource://activity-stream/lib/PersonalityProvider/PersonalityProvider.jsm, line 68: TypeError: http://%(server)s/dummy/blocklist// is not a valid URL.
JavaScript error: resource://activity-stream/lib/PersonalityProvider/PersonalityProvider.jsm, line 68: TypeError: http://%(server)s/dummy/blocklist// is not a valid URL.
console.error: "Failed to fetch undefinedmain-workspace/personality-provider-models/170a56ca-c1bf-4181-9b30-693002f7e245.json: "
console.error: "Failed to fetch undefinedmain-workspace/personality-provider-models/06e44aaa-324b-47ac-b458-72e1bccdf86b.json: "
console.error: "Failed to fetch undefinedmain-workspace/personality-provider-models/30c71fa2-8842-419c-89db-addd30268f5b.json: "
console.error: "Failed to fetch undefinedmain-workspace/personality-provider-models/fa731eb2-b049-44bc-a12d-f42f7cea991d.json: "
console.error: "Failed to fetch undefinedmain-workspace/personality-provider-models/2a0dbd55-2eae-44ea-b787-5379594979ff.json: "
console.error: "Failed to fetch undefinedmain-workspace/personality-provider-models/bd6fe48d-f356-4af1-bb7e-4de42b1e6272.json: "
console.error: "Failed to fetch undefinedmain-workspace/personality-provider-models/c2485f5d-8bb1-4a45-a752-efffe9cd55c3.json: "
console.error: "Failed to fetch undefinedmain-workspace/personality-provider-models/281d6a98-5f8e-4bc4-8bae-72e7e16933ca.json: "
console.error: "Failed to fetch undefinedmain-workspace/personality-provider-models/e8645388-afc5-48e3-8f3f-80f82a5353dc.json: "
console.error: "Failed to fetch undefinedmain-workspace/personality-provider-models/47d2bcee-b6c1-464e-a443-e3527d029b0f.json: "
console.error: "Failed to fetch undefinedmain-workspace/personality-provider-models/18f03fe5-a60f-48c5-8cb8-13da750ca395.json: "
console.error: "Failed to fetch undefinedmain-workspace/personality-provider-models/cdd3cdfb-1988-482a-850f-ec02aff07f45.json: "
console.error: "Failed to fetch undefinedmain-workspace/personality-provider-models/a3944b1a-5464-406f-a97e-691702019575.json: "
console.error: "Failed to fetch undefinedmain-workspace/personality-provider-models/61c97d21-6576-4624-aa8b-37839293aebd.json: "
console.error: "Failed to fetch undefinedmain-workspace/personality-provider-models/1db0b78b-42f2-44fd-b78c-43f5fc760fa1.json: "
console.error: "Failed to fetch undefinedmain-workspace/personality-provider-models/393f4033-c815-48d4-bf23-1eb42b4d30db.json: "
console.error: "Failed to fetch undefinedmain-workspace/personality-provider-models/76666027-45db-4baa-8197-6e0f886966a8.json: "
console.error: "Failed to fetch undefinedmain-workspace/personality-provider-models/24538f21-45ca-4dab-addb-65f655a688e2.json: "
console.error: "Failed to fetch undefinedmain-workspace/personality-provider-models/ad749af2-93d7-4bf3-982f-a558175fd806.json: "
console.error: "Failed to fetch undefinedmain-workspace/personality-provider-models/f477331d-33dc-4dfe-be46-88d5223fb439.json: "
console.error: "Failed to fetch undefinedmain-workspace/personality-provider-models/8267a2cc-0984-4410-87db-c02530703a98.json: "
console.error: "Failed to fetch undefinedmain-workspace/personality-provider-models/3fcbb458-7362-47bb-a426-6b542eb2f014.json: "
console.error: "Failed to fetch undefinedmain-workspace/personality-provider-models/5d011771-de98-48f3-8565-7fc1ef6439c3.json: "
console.error: "Failed to fetch undefinedmain-workspace/personality-provider-models/145b9461-d6cc-4341-8d96-ec3bacace059.json: "
console.error: "Failed to fetch undefinedmain-workspace/personality-provider-models/0685a1b5-34eb-4c13-8c90-bc82735e527f.json: "
console.error: "Failed to fetch undefinedmain-workspace/personality-provider-models/170a56ca-c1bf-4181-9b30-693002f7e245.json: "
console.error: "Failed to fetch undefinedmain-workspace/personality-provider-models/06e44aaa-324b-47ac-b458-72e1bccdf86b.json: "
console.error: "Failed to fetch undefinedmain-workspace/personality-provider-models/30c71fa2-8842-419c-89db-addd30268f5b.json: "
console.error: "Failed to fetch undefinedmain-workspace/personality-provider-models/fa731eb2-b049-44bc-a12d-f42f7cea991d.json: "
console.error: "Failed to fetch undefinedmain-workspace/personality-provider-models/2a0dbd55-2eae-44ea-b787-5379594979ff.json: "
console.error: "Failed to fetch undefinedmain-workspace/personality-provider-models/bd6fe48d-f356-4af1-bb7e-4de42b1e6272.json: "
console.error: "Failed to fetch undefinedmain-workspace/personality-provider-models/c2485f5d-8bb1-4a45-a752-efffe9cd55c3.json: "
console.error: "Failed to fetch undefinedmain-workspace/personality-provider-models/281d6a98-5f8e-4bc4-8bae-72e7e16933ca.json: "
console.error: "Failed to fetch undefinedmain-workspace/personality-provider-models/e8645388-afc5-48e3-8f3f-80f82a5353dc.json: "
console.error: "Failed to fetch undefinedmain-workspace/personality-provider-models/47d2bcee-b6c1-464e-a443-e3527d029b0f.json: "
console.error: "Failed to fetch undefinedmain-workspace/personality-provider-models/18f03fe5-a60f-48c5-8cb8-13da750ca395.json: "
console.error: "Failed to fetch undefinedmain-workspace/personality-provider-models/cdd3cdfb-1988-482a-850f-ec02aff07f45.json: "
console.error: "Failed to fetch undefinedmain-workspace/personality-provider-models/a3944b1a-5464-406f-a97e-691702019575.json: "
console.error: "Failed to fetch undefinedmain-workspace/personality-provider-models/61c97d21-6576-4624-aa8b-37839293aebd.json: "
console.error: "Failed to fetch undefinedmain-workspace/personality-provider-models/1db0b78b-42f2-44fd-b78c-43f5fc760fa1.json: "
console.error: "Failed to fetch undefinedmain-workspace/personality-provider-models/393f4033-c815-48d4-bf23-1eb42b4d30db.json: "
console.error: "Failed to fetch undefinedmain-workspace/personality-provider-models/76666027-45db-4baa-8197-6e0f886966a8.json: "
console.error: "Failed to fetch undefinedmain-workspace/personality-provider-models/24538f21-45ca-4dab-addb-65f655a688e2.json: "
console.error: "Failed to fetch undefinedmain-workspace/personality-provider-models/ad749af2-93d7-4bf3-982f-a558175fd806.json: "
console.error: "Failed to fetch undefinedmain-workspace/personality-provider-models/f477331d-33dc-4dfe-be46-88d5223fb439.json: "
console.error: "Failed to fetch undefinedmain-workspace/personality-provider-models/8267a2cc-0984-4410-87db-c02530703a98.json: "
console.error: "Failed to fetch undefinedmain-workspace/personality-provider-models/3fcbb458-7362-47bb-a426-6b542eb2f014.json: "
console.error: "Failed to fetch undefinedmain-workspace/personality-provider-models/5d011771-de98-48f3-8565-7fc1ef6439c3.json: "
console.error: "Failed to fetch undefinedmain-workspace/personality-provider-models/145b9461-d6cc-4341-8d96-ec3bacace059.json: "
console.error: "Failed to fetch undefinedmain-workspace/personality-provider-models/0685a1b5-34eb-4c13-8c90-bc82735e527f.json: "
console.error: "Failed to fetch undefinedmain-workspace/personality-provider-models/170a56ca-c1bf-4181-9b30-693002f7e245.json: "
console.error: "Failed to fetch undefinedmain-workspace/personality-provider-models/06e44aaa-324b-47ac-b458-72e1bccdf86b.json: "
console.error: "Failed to fetch undefinedmain-workspace/personality-provider-models/30c71fa2-8842-419c-89db-addd30268f5b.json: "
console.error: "Failed to fetch undefinedmain-workspace/personality-provider-models/fa731eb2-b049-44bc-a12d-f42f7cea991d.json: "
console.error: "Failed to fetch undefinedmain-workspace/personality-provider-models/2a0dbd55-2eae-44ea-b787-5379594979ff.json: "
console.error: "Failed to fetch undefinedmain-workspace/personality-provider-models/bd6fe48d-f356-4af1-bb7e-4de42b1e6272.json: "
console.error: "Failed to fetch undefinedmain-workspace/personality-provider-models/c2485f5d-8bb1-4a45-a752-efffe9cd55c3.json: "
console.error: "Failed to fetch undefinedmain-workspace/personality-provider-models/281d6a98-5f8e-4bc4-8bae-72e7e16933ca.json: "
console.error: "Failed to fetch undefinedmain-workspace/personality-provider-models/e8645388-afc5-48e3-8f3f-80f82a5353dc.json: "
console.error: "Failed to fetch undefinedmain-workspace/personality-provider-models/47d2bcee-b6c1-464e-a443-e3527d029b0f.json: "
console.error: "Failed to fetch undefinedmain-workspace/personality-provider-models/18f03fe5-a60f-48c5-8cb8-13da750ca395.json: "
console.error: "Failed to fetch undefinedmain-workspace/personality-provider-models/cdd3cdfb-1988-482a-850f-ec02aff07f45.json: "
console.error: "Failed to fetch undefinedmain-workspace/personality-provider-models/a3944b1a-5464-406f-a97e-691702019575.json: "
console.error: "Failed to fetch undefinedmain-workspace/personality-provider-models/61c97d21-6576-4624-aa8b-37839293aebd.json: "
console.error: "Failed to fetch undefinedmain-workspace/personality-provider-models/1db0b78b-42f2-44fd-b78c-43f5fc760fa1.json: "
console.error: "Failed to fetch undefinedmain-workspace/personality-provider-models/393f4033-c815-48d4-bf23-1eb42b4d30db.json: "
console.error: "Failed to fetch undefinedmain-workspace/personality-provider-models/76666027-45db-4baa-8197-6e0f886966a8.json: "
console.error: "Failed to fetch undefinedmain-workspace/personality-provider-models/24538f21-45ca-4dab-addb-65f655a688e2.json: "
console.error: "Failed to fetch undefinedmain-workspace/personality-provider-models/ad749af2-93d7-4bf3-982f-a558175fd806.json: "
console.error: "Failed to fetch undefinedmain-workspace/personality-provider-models/f477331d-33dc-4dfe-be46-88d5223fb439.json: "
console.error: "Failed to fetch undefinedmain-workspace/personality-provider-models/8267a2cc-0984-4410-87db-c02530703a98.json: "
console.error: "Failed to fetch undefinedmain-workspace/personality-provider-models/3fcbb458-7362-47bb-a426-6b542eb2f014.json: "
console.error: "Failed to fetch undefinedmain-workspace/personality-provider-models/5d011771-de98-48f3-8565-7fc1ef6439c3.json: "
console.error: "Failed to fetch undefinedmain-workspace/personality-provider-models/145b9461-d6cc-4341-8d96-ec3bacace059.json: "
console.error: "Failed to fetch undefinedmain-workspace/personality-provider-models/0685a1b5-34eb-4c13-8c90-bc82735e527f.json: "
console.error: "Failed to fetch undefinedmain-workspace/personality-provider-recipe/e4fb5038-c29e-4954-98a0-72a882e4841f.json: "
console.error: "Failed to fetch undefinedmain-workspace/personality-provider-recipe/e4fb5038-c29e-4954-98a0-72a882e4841f.json: "
console.error: "Failed to fetch undefinedmain-workspace/personality-provider-recipe/e4fb5038-c29e-4954-98a0-72a882e4841f.json: "
JavaScript error: resource://activity-stream/lib/PersonalityProvider/PersonalityProvider.jsm, line 68: TypeError: http://%(server)s/dummy/blocklist// is not a valid URL.
JavaScript error: resource://activity-stream/lib/PersonalityProvider/PersonalityProvider.jsm, line 68: TypeError: http://%(server)s/dummy/blocklist// is not a valid URL.
JavaScript error: resource://activity-stream/lib/PersonalityProvider/PersonalityProvider.jsm, line 68: TypeError: http://%(server)s/dummy/blocklist// is not a valid URL.
JavaScript error: resource://activity-stream/lib/PersonalityProvider/PersonalityProvider.jsm, line 68: TypeError: http://%(server)s/dummy/blocklist// is not a valid URL.
JavaScript error: resource://activity-stream/lib/PersonalityProvider/PersonalityProvider.jsm, line 68: TypeError: http://%(server)s/dummy/blocklist// is not a valid URL.
JavaScript error: resource://activity-stream/lib/PersonalityProvider/PersonalityProvider.jsm, line 68: TypeError: http://%(server)s/dummy/blocklist// is not a valid URL.
JavaScript error: resource://activity-stream/lib/PersonalityProvider/PersonalityProvider.jsm, line 68: TypeError: http://%(server)s/dummy/blocklist// is not a valid URL.
JavaScript error: resource://activity-stream/lib/PersonalityProvider/PersonalityProvider.jsm, line 68: TypeError: http://%(server)s/dummy/blocklist// is not a valid URL.
JavaScript error: resource://activity-stream/lib/PersonalityProvider/PersonalityProvider.jsm, line 68: TypeError: http://%(server)s/dummy/blocklist// is not a valid URL.
JavaScript error: resource://activity-stream/lib/PersonalityProvider/PersonalityProvider.jsm, line 68: TypeError: http://%(server)s/dummy/blocklist// is not a valid URL.
JavaScript error: resource://activity-stream/lib/PersonalityProvider/PersonalityProvider.jsm, line 68: TypeError: http://%(server)s/dummy/blocklist// is not a valid URL.
JavaScript error: resource://activity-stream/lib/PersonalityProvider/PersonalityProvider.jsm, line 68: TypeError: http://%(server)s/dummy/blocklist// is not a valid URL.
JavaScript error: resource://activity-stream/lib/PersonalityProvider/PersonalityProvider.jsm, line 68: TypeError: http://%(server)s/dummy/blocklist// is not a valid URL.
JavaScript error: resource://activity-stream/lib/PersonalityProvider/PersonalityProvider.jsm, line 68: TypeError: http://%(server)s/dummy/blocklist// is not a valid URL.
JavaScript error: resource://activity-stream/lib/PersonalityProvider/PersonalityProvider.jsm, line 68: TypeError: http://%(server)s/dummy/blocklist// is not a valid URL.
JavaScript error: resource://activity-stream/lib/PersonalityProvider/PersonalityProvider.jsm, line 68: TypeError: http://%(server)s/dummy/blocklist// is not a valid URL.
JavaScript error: resource://activity-stream/lib/PersonalityProvider/PersonalityProvider.jsm, line 68: TypeError: http://%(server)s/dummy/blocklist// is not a valid URL.
JavaScript error: resource://activity-stream/lib/PersonalityProvider/PersonalityProvider.jsm, line 68: TypeError: http://%(server)s/dummy/blocklist// is not a valid URL.
JavaScript error: resource://activity-stream/lib/PersonalityProvider/PersonalityProvider.jsm, line 68: TypeError: http://%(server)s/dummy/blocklist// is not a valid URL.
JavaScript error: resource://activity-stream/lib/PersonalityProvider/PersonalityProvider.jsm, line 68: TypeError: http://%(server)s/dummy/blocklist// is not a valid URL.
JavaScript error: resource://activity-stream/lib/PersonalityProvider/PersonalityProvider.jsm, line 68: TypeError: http://%(server)s/dummy/blocklist// is not a valid URL.
JavaScript error: resource://activity-stream/lib/PersonalityProvider/PersonalityProvider.jsm, line 68: TypeError: http://%(server)s/dummy/blocklist// is not a valid URL.
JavaScript error: resource://activity-stream/lib/PersonalityProvider/PersonalityProvider.jsm, line 68: TypeError: http://%(server)s/dummy/blocklist// is not a valid URL.
JavaScript error: resource://activity-stream/lib/PersonalityProvider/PersonalityProvider.jsm, line 68: TypeError: http://%(server)s/dummy/blocklist// is not a valid URL.
JavaScript error: resource://activity-stream/lib/PersonalityProvider/PersonalityProvider.jsm, line 68: TypeError: http://%(server)s/dummy/blocklist// is not a valid URL.
JavaScript error: resource://activity-stream/lib/PersonalityProvider/PersonalityProvider.jsm, line 68: TypeError: http://%(server)s/dummy/blocklist// is not a valid URL.
JavaScript error: resource://activity-stream/lib/PersonalityProvider/PersonalityProvider.jsm, line 68: TypeError: http://%(server)s/dummy/blocklist// is not a valid URL.
JavaScript error: resource://activity-stream/lib/PersonalityProvider/PersonalityProvider.jsm, line 68: TypeError: http://%(server)s/dummy/blocklist// is not a valid URL.
JavaScript error: resource://activity-stream/lib/PersonalityProvider/PersonalityProvider.jsm, line 68: TypeError: http://%(server)s/dummy/blocklist// is not a valid URL.
JavaScript error: resource://activity-stream/lib/PersonalityProvider/PersonalityProvider.jsm, line 68: TypeError: http://%(server)s/dummy/blocklist// is not a valid URL.
JavaScript error: resource://activity-stream/lib/PersonalityProvider/PersonalityProvider.jsm, line 68: TypeError: http://%(server)s/dummy/blocklist// is not a valid URL.
JavaScript error: resource://activity-stream/lib/PersonalityProvider/PersonalityProvider.jsm, line 68: TypeError: http://%(server)s/dummy/blocklist// is not a valid URL.
JavaScript error: resource://activity-stream/lib/PersonalityProvider/PersonalityProvider.jsm, line 68: TypeError: http://%(server)s/dummy/blocklist// is not a valid URL.
JavaScript error: resource://activity-stream/lib/PersonalityProvider/PersonalityProvider.jsm, line 68: TypeError: http://%(server)s/dummy/blocklist// is not a valid URL.
JavaScript error: resource://activity-stream/lib/PersonalityProvider/PersonalityProvider.jsm, line 68: TypeError: http://%(server)s/dummy/blocklist// is not a valid URL.
JavaScript error: resource://activity-stream/lib/PersonalityProvider/PersonalityProvider.jsm, line 68: TypeError: http://%(server)s/dummy/blocklist// is not a valid URL.
JavaScript error: resource://activity-stream/lib/PersonalityProvider/PersonalityProvider.jsm, line 68: TypeError: http://%(server)s/dummy/blocklist// is not a valid URL.
JavaScript error: resource://activity-stream/lib/PersonalityProvider/PersonalityProvider.jsm, line 68: TypeError: http://%(server)s/dummy/blocklist// is not a valid URL.
JavaScript error: resource://activity-stream/lib/PersonalityProvider/PersonalityProvider.jsm, line 68: TypeError: http://%(server)s/dummy/blocklist// is not a valid URL.
JavaScript error: resource://activity-stream/lib/PersonalityProvider/PersonalityProvider.jsm, line 68: TypeError: http://%(server)s/dummy/blocklist// is not a valid URL.
JavaScript error: resource://activity-stream/lib/PersonalityProvider/PersonalityProvider.jsm, line 68: TypeError: http://%(server)s/dummy/blocklist// is not a valid URL.
JavaScript error: resource://activity-stream/lib/PersonalityProvider/PersonalityProvider.jsm, line 68: TypeError: http://%(server)s/dummy/blocklist// is not a valid URL.
JavaScript error: resource://activity-stream/lib/PersonalityProvider/PersonalityProvider.jsm, line 68: TypeError: http://%(server)s/dummy/blocklist// is not a valid URL.
JavaScript error: resource://activity-stream/lib/PersonalityProvider/PersonalityProvider.jsm, line 68: TypeError: http://%(server)s/dummy/blocklist// is not a valid URL.
JavaScript error: resource://activity-stream/lib/PersonalityProvider/PersonalityProvider.jsm, line 68: TypeError: http://%(server)s/dummy/blocklist// is not a valid URL.
JavaScript error: resource://activity-stream/lib/PersonalityProvider/PersonalityProvider.jsm, line 68: TypeError: http://%(server)s/dummy/blocklist// is not a valid URL.
JavaScript error: resource://activity-stream/lib/PersonalityProvider/PersonalityProvider.jsm, line 68: TypeError: http://%(server)s/dummy/blocklist// is not a valid URL.
JavaScript error: resource://activity-stream/lib/PersonalityProvider/PersonalityProvider.jsm, line 68: TypeError: http://%(server)s/dummy/blocklist// is not a valid URL.
JavaScript error: resource://activity-stream/lib/PersonalityProvider/PersonalityProvider.jsm, line 68: TypeError: http://%(server)s/dummy/blocklist// is not a valid URL.
JavaScript error: resource://activity-stream/lib/PersonalityProvider/PersonalityProvider.jsm, line 68: TypeError: http://%(server)s/dummy/blocklist// is not a valid URL.
JavaScript error: resource://activity-stream/lib/PersonalityProvider/PersonalityProvider.jsm, line 68: TypeError: http://%(server)s/dummy/blocklist// is not a valid URL.
JavaScript error: resource://activity-stream/lib/PersonalityProvider/PersonalityProvider.jsm, line 68: TypeError: http://%(server)s/dummy/blocklist// is not a valid URL.
JavaScript error: resource://activity-stream/lib/PersonalityProvider/PersonalityProvider.jsm, line 68: TypeError: http://%(server)s/dummy/blocklist// is not a valid URL.
JavaScript error: resource://activity-stream/lib/PersonalityProvider/PersonalityProvider.jsm, line 68: TypeError: http://%(server)s/dummy/blocklist// is not a valid URL.
JavaScript error: resource://activity-stream/lib/PersonalityProvider/PersonalityProvider.jsm, line 68: TypeError: http://%(server)s/dummy/blocklist// is not a valid URL.
JavaScript error: resource://activity-stream/lib/PersonalityProvider/PersonalityProvider.jsm, line 68: TypeError: http://%(server)s/dummy/blocklist// is not a valid URL.
JavaScript error: resource://activity-stream/lib/PersonalityProvider/PersonalityProvider.jsm, line 68: TypeError: http://%(server)s/dummy/blocklist// is not a valid URL.
JavaScript error: resource://activity-stream/lib/PersonalityProvider/PersonalityProvider.jsm, line 68: TypeError: http://%(server)s/dummy/blocklist// is not a valid URL.
JavaScript error: resource://activity-stream/lib/PersonalityProvider/PersonalityProvider.jsm, line 68: TypeError: http://%(server)s/dummy/blocklist// is not a valid URL.
JavaScript error: resource://activity-stream/lib/PersonalityProvider/PersonalityProvider.jsm, line 68: TypeError: http://%(server)s/dummy/blocklist// is not a valid URL.
JavaScript error: resource://activity-stream/lib/PersonalityProvider/PersonalityProvider.jsm, line 68: TypeError: http://%(server)s/dummy/blocklist// is not a valid URL.
JavaScript error: resource://activity-stream/lib/PersonalityProvider/PersonalityProvider.jsm, line 68: TypeError: http://%(server)s/dummy/blocklist// is not a valid URL.
